#
# A fatal error has been detected by the Java Runtime Environment:
#
#  SIGSEGV (0xb) at pc=0x00007ff700e15a6b, pid=13924, tid=140698430994176
#
# JRE version: Java(TM) SE Runtime Environment (7.0_79-b15) (build 1.7.0_79-b15)
# Java VM: Java HotSpot(TM) 64-Bit Server VM (24.79-b02 mixed mode linux-amd64 compressed oops)
# Problematic frame:
# V  [libjvm.so+0x558a6b]  STWGCTimer::register_gc_start(Ticks const&)+0xb
#
# Failed to write core dump. Core dumps have been disabled. To enable core dumping, try "ulimit -c unlimited" before starting Java again
#
# If you would like to submit a bug report, please visit:
#   http://bugreport.java.com/bugreport/crash.jsp
#

---------------  T H R E A D  ---------------

Current thread (0x00007ff6fc06e000):  VMThread [stack: 0x00007ff6e7eff000,0x00007ff6e8000000] [id=13936]

siginfo:si_signo=SIGSEGV: si_errno=0, si_code=1 (SEGV_MAPERR), si_addr=0x0000000000000000

Registers:
RAX=0x0000000000000000, RBX=0x00007ff6fc01b970, RCX=0x0000000010c57c02, RDX=0x00007ff6e7ffea80
RSP=0x00007ff6e7ffe6d0, RBP=0x00007ff6e7ffe6d0, RSI=0x00007ff6e7ffea80, RDI=0x00007ff70170c580
R8 =0x000000000000000a, R9 =0x0000000000000000, R10=0x000000000000001e, R11=0x00007ff701895f00
R12=0x00007ff6fc020970, R13=0x000000000000000a, R14=0x00007ff701720c18, R15=0x000000000000000a
RIP=0x00007ff700e15a6b, EFLAGS=0x0000000000010202, CSGSFS=0x0000000000000033, ERR=0x0000000000000006
  TRAPNO=0x000000000000000e

Top of Stack: (sp=0x00007ff6e7ffe6d0)
0x00007ff6e7ffe6d0:   00007ff6e7ffeb10 00007ff701147268
0x00007ff6e7ffe6e0:   0000000028680000 0000000013400000
0x00007ff6e7ffe6f0:   0000000000000000 000000000000000a
0x00007ff6e7ffe700:   00007ff6fc01bb70 00000000c5e00000
0x00007ff6e7ffe710:   0000000000eae3b8 00007ff6e7ffe930
0x00007ff6e7ffe720:   00007ff6e7ffe8f0 00007ff6e7ffea00
0x00007ff6e7ffe730:   00007ff70170ad70 00007ff7016fe8d9
0x00007ff6e7ffe740:   00007ff6e7ffe9d0 00007ff6e7ffeaa0
0x00007ff6e7ffe750:   00007ff6e7ffe970 00007ff6e7ffea90
0x00007ff6e7ffe760:   00007ff6fc01b970 00007ff70000000a
0x00007ff6e7ffe770:   00007ff6fc01be20 00007ff6fc01beb0
0x00007ff6e7ffe780:   00007ff6fc020f50 00007ff6fc020970
0x00007ff6e7ffe790:   00000000046b3278 00000000037e0030
0x00007ff6e7ffe7a0:   00000000c00d7500 00007ff6fc06bda0
0x00007ff6e7ffe7b0:   0000000013400000 00007ff6fc02ba10
0x00007ff6e7ffe7c0:   00007ff6fc02ba20 00007ff6fc02bdf8
0x00007ff6e7ffe7d0:   00007ff6fc06d080 00000000000003d8
0x00007ff6e7ffe7e0:   00000000001da649 000000000039aea0
0x00007ff6e7ffe7f0:   0000000050403931 0000000000000000
0x00007ff6e7ffe800:   0000000000000003 0000000000000001
0x00007ff6e7ffe810:   0000000050451f79 0000000000000000
0x00007ff6e7ffe820:   00007ff6e7004347 00007ff70115f626
0x00007ff6e7ffe830:   00000000001b3b2a 00007ff6e7ffe9b0
0x00007ff6e7ffe840:   00007ff6e7ffeb40 00007ff6e7ffeb48
0x00007ff6e7ffe850:   00007ff6e7ffeb38 00007ff6fc02ba30
0x00007ff6e7ffe860:   00007ff6f7d6ac1c 00007ff6fc01bb70
0x00007ff6e7ffe870:   2525252525004347 2525252525252525
0x00007ff6e7ffe880:   0000000000000000 00007ff6fc01be20
0x00007ff6e7ffe890:   00007ff6fc01beb0 00007ff6fc020f50
0x00007ff6e7ffe8a0:   00007ff600000002 00007ff6fc06b4a0
0x00007ff6e7ffe8b0:   000000000000133d 00000000504025d8
0x00007ff6e7ffe8c0:   00007ff6fc02bd00 00007ff6fc06a2e0 

Instructions: (pc=0x00007ff700e15a6b)
0x00007ff700e15a4b:   fd ff ff 66 90 55 48 83 c7 28 48 89 e5 c9 e9 a2
0x00007ff700e15a5b:   fd ff ff 66 90 55 48 8b 47 28 48 89 f2 48 89 e5
0x00007ff700e15a6b:   c7 00 00 00 00 00 c7 47 44 00 00 00 00 48 c7 47
0x00007ff700e15a7b:   50 00 00 00 00 48 c7 47 48 00 00 00 00 48 c7 47 

Register to memory mapping:

RAX=0x0000000000000000 is an unknown value
RBX=0x00007ff6fc01b970 is an unknown value
RCX=0x0000000010c57c02 is an unknown value
RDX=0x00007ff6e7ffea80 is an unknown value
RSP=0x00007ff6e7ffe6d0 is an unknown value
RBP=0x00007ff6e7ffe6d0 is an unknown value
RSI=0x00007ff6e7ffea80 is an unknown value
RDI=0x00007ff70170c580: <offset 0xe4f580> in /usr/lib/jvm/jdk1.7.0_79/jre/lib/amd64/server/libjvm.so at 0x00007ff7008bd000
R8 =0x000000000000000a is an unknown value
R9 =0x0000000000000000 is an unknown value
R10=0x000000000000001e is an unknown value
R11=0x00007ff701895f00: <offset 0x15ef00> in /lib/x86_64-linux-gnu/libc.so.6 at 0x00007ff701737000
R12=0x00007ff6fc020970 is an unknown value
R13=0x000000000000000a is an unknown value
R14=0x00007ff701720c18: <offset 0xe63c18> in /usr/lib/jvm/jdk1.7.0_79/jre/lib/amd64/server/libjvm.so at 0x00007ff7008bd000
R15=0x000000000000000a is an unknown value


Stack: [0x00007ff6e7eff000,0x00007ff6e8000000],  sp=0x00007ff6e7ffe6d0,  free space=1021k
Native frames: (J=compiled Java code, j=interpreted, Vv=VM code, C=native code)
V  [libjvm.so+0x558a6b]  STWGCTimer::register_gc_start(Ticks const&)+0xb
V  [libjvm.so+0x88a268]  PSScavenge::invoke_no_policy()+0x48
V  [libjvm.so+0x88b9a1]  PSScavenge::invoke()+0x41
V  [libjvm.so+0x842320]  ParallelScavengeHeap::failed_mem_allocate(unsigned long)+0x70
V  [libjvm.so+0x9a4b67]  VM_ParallelGCFailedAllocation::doit()+0x97
V  [libjvm.so+0x9ac005]  VM_Operation::evaluate()+0x55
V  [libjvm.so+0x9aa3ca]  VMThread::evaluate_operation(VM_Operation*)+0xba
V  [libjvm.so+0x9aa74e]  VMThread::loop()+0x1ce
V  [libjvm.so+0x9aabc0]  VMThread::run()+0x70
V  [libjvm.so+0x821ca8]  java_start(Thread*)+0x108

VM_Operation (0x00007ff6a452b4e0): ParallelGCFailedAllocation, mode: safepoint, requested by thread 0x00007ff6fc446800


---------------  P R O C E S S  ---------------

Java Threads: ( => current thread )
  0x00007ff6c8003000 JavaThread "Thread-1" [_thread_blocked, id=14824, stack(0x00007ff696472000,0x00007ff696573000)]
  0x00007ff6cc003000 JavaThread "SIGTERM handler" daemon [_thread_blocked, id=14822, stack(0x00007ff6e76f5000,0x00007ff6e77f6000)]
  0x00007ff67c010000 JavaThread "qtp1650577508-66" [_thread_blocked, id=14802, stack(0x00007ff696876000,0x00007ff696977000)]
  0x00007ff69c005000 JavaThread "Druid-ConnectionPool-Destroy-2001782588" daemon [_thread_blocked, id=14008, stack(0x00007ff696573000,0x00007ff696674000)]
  0x00007ff69c003800 JavaThread "Druid-ConnectionPool-Create-2001782588" daemon [_thread_blocked, id=14007, stack(0x00007ff696674000,0x00007ff696775000)]
  0x00007ff68c004800 JavaThread "Thread-14" daemon [_thread_blocked, id=14002, stack(0x00007ff696775000,0x00007ff696876000)]
  0x00007ff6fc00e000 JavaThread "DestroyJavaVM" [_thread_blocked, id=13930, stack(0x00007ff70220e000,0x00007ff70230f000)]
  0x00007ff6fcb45800 JavaThread "qtp1650577508-37" [_thread_blocked, id=13987, stack(0x00007ff696c7a000,0x00007ff696d7b000)]
  0x00007ff6cc001000 JavaThread "Attach Listener" daemon [_thread_blocked, id=13972, stack(0x00007ff697288000,0x00007ff697389000)]
  0x00007ff6fc9b2800 JavaThread "Druid-ConnectionPool-Destroy-1527693336" daemon [_thread_blocked, id=13965, stack(0x00007ff697bfc000,0x00007ff697cfd000)]
  0x00007ff6fc9fc800 JavaThread "Druid-ConnectionPool-Create-1527693336" daemon [_thread_blocked, id=13964, stack(0x00007ff697cfd000,0x00007ff697dfe000)]
  0x00007ff6fc958800 JavaThread "Abandoned connection cleanup thread" daemon [_thread_blocked, id=13961, stack(0x00007ff697dfe000,0x00007ff697eff000)]
  0x00007ff6fc86f000 JavaThread "shiro-active%0053ession%0043ache.data" [_thread_blocked, id=13959, stack(0x00007ff697eff000,0x00007ff698000000)]
  0x00007ff6fc446800 JavaThread "Eclipse Jetty Console" daemon [_thread_blocked, id=13955, stack(0x00007ff6a442c000,0x00007ff6a452d000)]
  0x00007ff6fc3f1000 JavaThread "AWT-XAWT" daemon [_thread_blocked, id=13954, stack(0x00007ff6e4ca5000,0x00007ff6e4da6000)]
  0x00007ff6fc3d7000 JavaThread "Java2D Disposer" daemon [_thread_blocked, id=13953, stack(0x00007ff6e51b7000,0x00007ff6e52b8000)]
  0x00007ff6fc0ad800 JavaThread "Service Thread" daemon [_thread_blocked, id=13950, stack(0x00007ff6e73f2000,0x00007ff6e74f3000)]
  0x00007ff6fc0ab000 JavaThread "C2 CompilerThread1" daemon [_thread_blocked, id=13949, stack(0x00007ff6e74f3000,0x00007ff6e75f4000)]
  0x00007ff6fc0a8000 JavaThread "C2 CompilerThread0" daemon [_thread_blocked, id=13948, stack(0x00007ff6e75f4000,0x00007ff6e76f5000)]
  0x00007ff6fc0a6000 JavaThread "JDWP Event Helper Thread" daemon [_thread_blocked, id=13945, stack(0x00007ff6e77f6000,0x00007ff6e78f7000)]
  0x00007ff6fc0a2000 JavaThread "JDWP Transport Listener: dt_socket" daemon [_thread_in_native, id=13944, stack(0x00007ff6e78f7000,0x00007ff6e79f8000)]
  0x00007ff6fc094000 JavaThread "Signal Dispatcher" daemon [_thread_blocked, id=13940, stack(0x00007ff6e7bfc000,0x00007ff6e7cfd000)]
  0x00007ff6fc074000 JavaThread "Finalizer" daemon [_thread_blocked, id=13938, stack(0x00007ff6e7cfd000,0x00007ff6e7dfe000)]
  0x00007ff6fc072000 JavaThread "Reference Handler" daemon [_thread_blocked, id=13937, stack(0x00007ff6e7dfe000,0x00007ff6e7eff000)]

Other Threads:
=>0x00007ff6fc06e000 VMThread [stack: 0x00007ff6e7eff000,0x00007ff6e8000000] [id=13936]
  0x00007ff6fc0b8000 WatcherThread [stack: 0x00007ff6e72f1000,0x00007ff6e73f2000] [id=13951]

VM state:at safepoint (normal execution)

VM Mutex/Monitor currently owned by a thread:  ([mutex/lock_event])
[0x00007ff6fc00a670] Threads_lock - owner thread: 0x00007ff6fc06e000
[0x00007ff6fc00ab70] Heap_lock - owner thread: 0x00007ff6fc446800

Heap
 PSYoungGen      total 88064K, used 87680K [0x00000000ebc80000, 0x00000000f2f80000, 0x0000000100000000)
  eden space 82944K, 100% used [0x00000000ebc80000,0x00000000f0d80000,0x00000000f0d80000)
  from space 5120K, 92% used [0x00000000f2a80000,0x00000000f2f20010,0x00000000f2f80000)
  to   space 9728K, 0% used [0x00000000f1c80000,0x00000000f1c80000,0x00000000f2600000)
 ParOldGen       total 40960K, used 16003K [0x00000000c3600000, 0x00000000c5e00000, 0x00000000ebc80000)
  object space 40960K, 39% used [0x00000000c3600000,0x00000000c45a0d40,0x00000000c5e00000)
 PSPermGen       total 53760K, used 29587K [0x00000000be400000, 0x00000000c1880000, 0x00000000c3600000)
  object space 53760K, 55% used [0x00000000be400000,0x00000000c00e4f58,0x00000000c1880000)

Card table byte_map: [0x00007ff6f79e5000,0x00007ff6f7bf4000] byte_map_base: 0x00007ff6f73f3000

Polling page: 0x00007ff702330000

Code Cache  [0x00007ff6f7bf4000, 0x00007ff6f7e64000, 0x00007ff6fabf4000)
 total_blobs=944 nmethods=426 adapters=479 free_code_cache=47303Kb largest_free_block=48384576

Compilation events (10 events):
Event: 1345.781 Thread 0x00007ff6fc0a8000 nmethod 456 0x00007ff6f7cfb610 code [0x00007ff6f7cfb740, 0x00007ff6f7cfb7b8]
Event: 1345.781 Thread 0x00007ff6fc0a8000  457             net.sourceforge.eclipsejetty.starter.console.util.Scanner::next (80 bytes)
Event: 1345.782 Thread 0x00007ff6fc0a8000 nmethod 457 0x00007ff6f7cfb0d0 code [0x00007ff6f7cfb240, 0x00007ff6f7cfb3e8]
Event: 1345.782 Thread 0x00007ff6fc0a8000  458             net.sourceforge.eclipsejetty.starter.console.util.Tokenizer::isWhitespace (30 bytes)
Event: 1345.783 Thread 0x00007ff6fc0a8000 nmethod 458 0x00007ff6f7d6f450 code [0x00007ff6f7d6f580, 0x00007ff6f7d6f5d8]
Event: 1345.783 Thread 0x00007ff6fc0a8000  459 % !         net.sourceforge.eclipsejetty.starter.console.util.Tokenizer::read @ 167 (237 bytes)
Event: 1345.790 Thread 0x00007ff6fc0ab000 nmethod 452 0x00007ff6f7dcc7d0 code [0x00007ff6f7dcca40, 0x00007ff6f7dce290]
Event: 1345.809 Thread 0x00007ff6fc0a8000 nmethod 459% 0x00007ff6f7cfd5d0 code [0x00007ff6f7cfd900, 0x00007ff6f7cfea10]
Event: 1346.700 Thread 0x00007ff6fc0ab000  460             java.util.concurrent.locks.ReentrantLock$NonfairSync::lock (25 bytes)
Event: 1346.702 Thread 0x00007ff6fc0ab000 nmethod 460 0x00007ff6f7d6eb90 code [0x00007ff6f7d6ed00, 0x00007ff6f7d6ee88]

GC Heap History (10 events):
Event: 443.999 GC heap before
{Heap before GC invocations=7 (full 1):
 PSYoungGen      total 66048K, used 63488K [0x00000000ebc80000, 0x00000000eff80000, 0x0000000100000000)
  eden space 63488K, 100% used [0x00000000ebc80000,0x00000000efa80000,0x00000000efa80000)
  from space 2560K, 0% used [0x00000000efa80000,0x00000000efa80000,0x00000000efd00000)
  to   space 2560K, 0% used [0x00000000efd00000,0x00000000efd00000,0x00000000eff80000)
 ParOldGen       total 40960K, used 15032K [0x00000000c3600000, 0x00000000c5e00000, 0x00000000ebc80000)
  object space 40960K, 36% used [0x00000000c3600000,0x00000000c44ae3b8,0x00000000c5e00000)
 PSPermGen       total 53760K, used 29398K [0x00000000be400000, 0x00000000c1880000, 0x00000000c3600000)
  object space 53760K, 54% used [0x00000000be400000,0x00000000c00b5b58,0x00000000c1880000)
Event: 444.053 GC heap after
Heap after GC invocations=7 (full 1):
 PSYoungGen      total 58368K, used 2544K [0x00000000ebc80000, 0x00000000f4c80000, 0x0000000100000000)
  eden space 55808K, 0% used [0x00000000ebc80000,0x00000000ebc80000,0x00000000ef300000)
  from space 2560K, 99% used [0x00000000efd00000,0x00000000eff7c170,0x00000000eff80000)
  to   space 10240K, 0% used [0x00000000ef300000,0x00000000ef300000,0x00000000efd00000)
 ParOldGen       total 40960K, used 15180K [0x00000000c3600000, 0x00000000c5e00000, 0x00000000ebc80000)
  object space 40960K, 37% used [0x00000000c3600000,0x00000000c44d3248,0x00000000c5e00000)
 PSPermGen       total 53760K, used 29398K [0x00000000be400000, 0x00000000c1880000, 0x00000000c3600000)
  object space 53760K, 54% used [0x00000000be400000,0x00000000c00b5b58,0x00000000c1880000)
}
Event: 1134.456 GC heap before
{Heap before GC invocations=8 (full 1):
 PSYoungGen      total 58368K, used 58352K [0x00000000ebc80000, 0x00000000f4c80000, 0x0000000100000000)
  eden space 55808K, 100% used [0x00000000ebc80000,0x00000000ef300000,0x00000000ef300000)
  from space 2560K, 99% used [0x00000000efd00000,0x00000000eff7c170,0x00000000eff80000)
  to   space 10240K, 0% used [0x00000000ef300000,0x00000000ef300000,0x00000000efd00000)
 ParOldGen       total 40960K, used 15180K [0x00000000c3600000, 0x00000000c5e00000, 0x00000000ebc80000)
  object space 40960K, 37% used [0x00000000c3600000,0x00000000c44d3248,0x00000000c5e00000)
 PSPermGen       total 53760K, used 29461K [0x00000000be400000, 0x00000000c1880000, 0x00000000c3600000)
  object space 53760K, 54% used [0x00000000be400000,0x00000000c00c55b8,0x00000000c1880000)
Event: 1134.495 GC heap after
Heap after GC invocations=8 (full 1):
 PSYoungGen      total 66048K, used 1232K [0x00000000ebc80000, 0x00000000f3e80000, 0x0000000100000000)
  eden space 55808K, 0% used [0x00000000ebc80000,0x00000000ebc80000,0x00000000ef300000)
  from space 10240K, 12% used [0x00000000ef300000,0x00000000ef434010,0x00000000efd00000)
  to   space 10752K, 0% used [0x00000000f3400000,0x00000000f3400000,0x00000000f3e80000)
 ParOldGen       total 40960K, used 15180K [0x00000000c3600000, 0x00000000c5e00000, 0x00000000ebc80000)
  object space 40960K, 37% used [0x00000000c3600000,0x00000000c44d3248,0x00000000c5e00000)
 PSPermGen       total 53760K, used 29461K [0x00000000be400000, 0x00000000c1880000, 0x00000000c3600000)
  object space 53760K, 54% used [0x00000000be400000,0x00000000c00c55b8,0x00000000c1880000)
}
Event: 1345.937 GC heap before
{Heap before GC invocations=9 (full 1):
 PSYoungGen      total 66048K, used 57040K [0x00000000ebc80000, 0x00000000f3e80000, 0x0000000100000000)
  eden space 55808K, 100% used [0x00000000ebc80000,0x00000000ef300000,0x00000000ef300000)
  from space 10240K, 12% used [0x00000000ef300000,0x00000000ef434010,0x00000000efd00000)
  to   space 10752K, 0% used [0x00000000f3400000,0x00000000f3400000,0x00000000f3e80000)
 ParOldGen       total 40960K, used 15180K [0x00000000c3600000, 0x00000000c5e00000, 0x00000000ebc80000)
  object space 40960K, 37% used [0x00000000c3600000,0x00000000c44d3248,0x00000000c5e00000)
 PSPermGen       total 53760K, used 29531K [0x00000000be400000, 0x00000000c1880000, 0x00000000c3600000)
  object space 53760K, 54% used [0x00000000be400000,0x00000000c00d6fa0,0x00000000c1880000)
Event: 1345.942 GC heap after
Heap after GC invocations=9 (full 1):
 PSYoungGen      total 57344K, used 3248K [0x00000000ebc80000, 0x00000000f3780000, 0x0000000100000000)
  eden space 53760K, 0% used [0x00000000ebc80000,0x00000000ebc80000,0x00000000ef100000)
  from space 3584K, 90% used [0x00000000f3400000,0x00000000f372c020,0x00000000f3780000)
  to   space 10240K, 0% used [0x00000000f2380000,0x00000000f2380000,0x00000000f2d80000)
 ParOldGen       total 40960K, used 15180K [0x00000000c3600000, 0x00000000c5e00000, 0x00000000ebc80000)
  object space 40960K, 37% used [0x00000000c3600000,0x00000000c44d3248,0x00000000c5e00000)
 PSPermGen       total 53760K, used 29531K [0x00000000be400000, 0x00000000c1880000, 0x00000000c3600000)
  object space 53760K, 54% used [0x00000000be400000,0x00000000c00d6fa0,0x00000000c1880000)
}
Event: 1346.158 GC heap before
{Heap before GC invocations=10 (full 1):
 PSYoungGen      total 57344K, used 57008K [0x00000000ebc80000, 0x00000000f3780000, 0x0000000100000000)
  eden space 53760K, 100% used [0x00000000ebc80000,0x00000000ef100000,0x00000000ef100000)
  from space 3584K, 90% used [0x00000000f3400000,0x00000000f372c020,0x00000000f3780000)
  to   space 10240K, 0% used [0x00000000f2380000,0x00000000f2380000,0x00000000f2d80000)
 ParOldGen       total 40960K, used 15180K [0x00000000c3600000, 0x00000000c5e00000, 0x00000000ebc80000)
  object space 40960K, 37% used [0x00000000c3600000,0x00000000c44d3248,0x00000000c5e00000)
 PSPermGen       total 53760K, used 29531K [0x00000000be400000, 0x00000000c1880000, 0x00000000c3600000)
  object space 53760K, 54% used [0x00000000be400000,0x00000000c00d6fa0,0x00000000c1880000)
Event: 1346.162 GC heap after
Heap after GC invocations=10 (full 1):
 PSYoungGen      total 57344K, used 5504K [0x00000000ebc80000, 0x00000000f3480000, 0x0000000100000000)
  eden space 51712K, 0% used [0x00000000ebc80000,0x00000000ebc80000,0x00000000eef00000)
  from space 5632K, 97% used [0x00000000f2380000,0x00000000f28e0030,0x00000000f2900000)
  to   space 10240K, 0% used [0x00000000f2a80000,0x00000000f2a80000,0x00000000f3480000)
 ParOldGen       total 40960K, used 15180K [0x00000000c3600000, 0x00000000c5e00000, 0x00000000ebc80000)
  object space 40960K, 37% used [0x00000000c3600000,0x00000000c44d3248,0x00000000c5e00000)
 PSPermGen       total 53760K, used 29531K [0x00000000be400000, 0x00000000c1880000, 0x00000000c3600000)
  object space 53760K, 54% used [0x00000000be400000,0x00000000c00d6fa0,0x00000000c1880000)
}
Event: 1346.381 GC heap before
{Heap before GC invocations=11 (full 1):
 PSYoungGen      total 57344K, used 57216K [0x00000000ebc80000, 0x00000000f3480000, 0x0000000100000000)
  eden space 51712K, 100% used [0x00000000ebc80000,0x00000000eef00000,0x00000000eef00000)
  from space 5632K, 97% used [0x00000000f2380000,0x00000000f28e0030,0x00000000f2900000)
  to   space 10240K, 0% used [0x00000000f2a80000,0x00000000f2a80000,0x00000000f3480000)
 ParOldGen       total 40960K, used 15180K [0x00000000c3600000, 0x00000000c5e00000, 0x00000000ebc80000)
  object space 40960K, 37% used [0x00000000c3600000,0x00000000c44d3248,0x00000000c5e00000)
 PSPermGen       total 53760K, used 29533K [0x00000000be400000, 0x00000000c1880000, 0x00000000c3600000)
  object space 53760K, 54% used [0x00000000be400000,0x00000000c00d7500,0x00000000c1880000)
Event: 1346.386 GC heap after
Heap after GC invocations=11 (full 1):
 PSYoungGen      total 88064K, used 4736K [0x00000000ebc80000, 0x00000000f2f80000, 0x0000000100000000)
  eden space 82944K, 0% used [0x00000000ebc80000,0x00000000ebc80000,0x00000000f0d80000)
  from space 5120K, 92% used [0x00000000f2a80000,0x00000000f2f20010,0x00000000f2f80000)
  to   space 9728K, 0% used [0x00000000f1c80000,0x00000000f1c80000,0x00000000f2600000)
 ParOldGen       total 40960K, used 16003K [0x00000000c3600000, 0x00000000c5e00000, 0x00000000ebc80000)
  object space 40960K, 39% used [0x00000000c3600000,0x00000000c45a0d40,0x00000000c5e00000)
 PSPermGen       total 53760K, used 29533K [0x00000000be400000, 0x00000000c1880000, 0x00000000c3600000)
  object space 53760K, 54% used [0x00000000be400000,0x00000000c00d7500,0x00000000c1880000)
}

Deoptimization events (10 events):
Event: 216.463 Thread 0x00007ff67c034800 Uncommon trap: reason=unreached action=reinterpret pc=0x00007ff6f7cfe2dc method=org.eclipse.jetty.http.HttpParser.parseNext()I @ 2281
Event: 219.873 Thread 0x00007ff67c00c800 Uncommon trap: reason=unreached action=reinterpret pc=0x00007ff6f7d84178 method=org.eclipse.jetty.http.HttpParser.parseNext()I @ 2281
Event: 540.842 Thread 0x00007ff67c038800 Uncommon trap: reason=unreached action=reinterpret pc=0x00007ff6f7da3170 method=org.eclipse.jetty.http.HttpParser.parseNext()I @ 15
Event: 602.285 Thread 0x00007ff6fc86f000 Uncommon trap: reason=unreached action=reinterpret pc=0x00007ff6f7ca2ac4 method=net.sf.ehcache.store.disk.Segment$HashIterator.hasNext()Z @ 4
Event: 602.285 Thread 0x00007ff6fc86f000 Uncommon trap: reason=unreached action=reinterpret pc=0x00007ff6f7cae02c method=net.sf.ehcache.store.disk.Segment$HashIterator.advance()V @ 4
Event: 753.212 Thread 0x00007ff67c038800 Uncommon trap: reason=predicate action=maybe_recompile pc=0x00007ff6f7ce1688 method=java.util.Arrays.fill([Ljava/lang/Object;IILjava/lang/Object;)V @ 16
Event: 1346.552 Thread 0x00007ff6c8003000 Uncommon trap: reason=class_check action=maybe_recompile pc=0x00007ff6f7ce1de8 method=java.io.ObjectOutputStream$BlockDataOutputStream.drain()V @ 36
Event: 1346.572 Thread 0x00007ff6c8003000 Uncommon trap: reason=class_check action=maybe_recompile pc=0x00007ff6f7ce1de8 method=java.io.ObjectOutputStream$BlockDataOutputStream.drain()V @ 36
Event: 1346.574 Thread 0x00007ff6c8003000 Uncommon trap: reason=class_check action=maybe_recompile pc=0x00007ff6f7ce1de8 method=java.io.ObjectOutputStream$BlockDataOutputStream.drain()V @ 36
Event: 1346.574 Thread 0x00007ff6c8003000 Uncommon trap: reason=class_check action=maybe_recompile pc=0x00007ff6f7ce1de8 method=java.io.ObjectOutputStream$BlockDataOutputStream.drain()V @ 36

Internal exceptions (10 events):
Event: 10.195 Thread 0x00007ff67c004800 Threw 0x00000000eca22578 at /HUDSON/workspace/7u-2-build-linux-amd64/jdk7u79/2331/hotspot/src/share/vm/interpreter/interpreterRuntime.cpp:347
Event: 10.196 Thread 0x00007ff67c004800 Threw 0x00000000eca40ff0 at /HUDSON/workspace/7u-2-build-linux-amd64/jdk7u79/2331/hotspot/src/share/vm/interpreter/interpreterRuntime.cpp:347
Event: 16.978 Thread 0x00007ff67c038800 Threw 0x00000000ec12f268 at /HUDSON/workspace/7u-2-build-linux-amd64/jdk7u79/2331/hotspot/src/share/vm/prims/jvm.cpp:1304
Event: 17.145 Thread 0x00007ff67c034800 Threw 0x00000000eceea410 at /HUDSON/workspace/7u-2-build-linux-amd64/jdk7u79/2331/hotspot/src/share/vm/runtime/reflection.cpp:1030
Event: 112.770 Thread 0x00007ff67c00e000 Threw 0x00000000ecfc5560 at /HUDSON/workspace/7u-2-build-linux-amd64/jdk7u79/2331/hotspot/src/share/vm/prims/jvm.cpp:1304
Event: 112.771 Thread 0x00007ff67c00e000 Threw 0x00000000ecfce6d8 at /HUDSON/workspace/7u-2-build-linux-amd64/jdk7u79/2331/hotspot/src/share/vm/prims/jvm.cpp:1304
Event: 122.100 Thread 0x00007ff67c034800 Implicit null exception at 0x00007ff6f7d6f749 to 0x00007ff6f7d73903
Event: 520.370 Thread 0x00007ff67c010000 Threw 0x00000000ebe2d718 at /HUDSON/workspace/7u-2-build-linux-amd64/jdk7u79/2331/hotspot/src/share/vm/prims/jvm.cpp:1304
Event: 707.118 Thread 0x00007ff67c038800 Threw 0x00000000ecde76d8 at /HUDSON/workspace/7u-2-build-linux-amd64/jdk7u79/2331/hotspot/src/share/vm/prims/jvm.cpp:1304
Event: 1345.777 Thread 0x00007ff6fca51800 Threw 0x00000000eced1e70 at /HUDSON/workspace/7u-2-build-linux-amd64/jdk7u79/2331/hotspot/src/share/vm/prims/jvm.cpp:3025

Events (10 events):
Event: 1346.574 Thread 0x00007ff6c8003000 DEOPT UNPACKING pc=0x00007ff6f7c2d445 sp=0x00007ff696570cd8 mode 2
Event: 1346.574 Thread 0x00007ff6fca7b800 Thread exited: 0x00007ff6fca7b800
Event: 1346.575 Thread 0x00007ff6fca82000 Thread exited: 0x00007ff6fca82000
Event: 1346.575 Thread 0x00007ff6fca7f000 Thread exited: 0x00007ff6fca7f000
Event: 1346.611 loading class 0x00007ff6c0abfee0
Event: 1346.639 loading class 0x00007ff6c0abfee0 done
Event: 1346.677 Thread 0x00007ff6fc84f800 Thread exited: 0x00007ff6fc84f800
Event: 1346.700 Thread 0x00007ff6fc868800 Thread exited: 0x00007ff6fc868800
Event: 1346.702 loading class 0x00007ff6c0119970
Event: 1346.707 Executing VM operation: ParallelGCFailedAllocation


Dynamic libraries:
00400000-00401000 r-xp 00000000 08:05 3159386                            /usr/lib/jvm/jdk1.7.0_79/bin/java
00600000-00601000 rw-p 00000000 08:05 3159386                            /usr/lib/jvm/jdk1.7.0_79/bin/java
0210d000-0212e000 rw-p 00000000 00:00 0                                  [heap]
be400000-c1880000 rw-p 00000000 00:00 0 
c1880000-c3600000 rw-p 00000000 00:00 0 
c3600000-c5e00000 rw-p 00000000 00:00 0 
c5e00000-ebc80000 rw-p 00000000 00:00 0 
ebc80000-f2f80000 rw-p 00000000 00:00 0 
f2f80000-f4c80000 ---p 00000000 00:00 0 
f4c80000-100000000 rw-p 00000000 00:00 0 
7ff66c000000-7ff66c021000 rw-p 00000000 00:00 0 
7ff66c021000-7ff670000000 ---p 00000000 00:00 0 
7ff670000000-7ff670034000 rw-p 00000000 00:00 0 
7ff670034000-7ff674000000 ---p 00000000 00:00 0 
7ff674000000-7ff674021000 rw-p 00000000 00:00 0 
7ff674021000-7ff678000000 ---p 00000000 00:00 0 
7ff678000000-7ff678021000 rw-p 00000000 00:00 0 
7ff678021000-7ff67c000000 ---p 00000000 00:00 0 
7ff67c000000-7ff67c03f000 rw-p 00000000 00:00 0 
7ff67c03f000-7ff680000000 ---p 00000000 00:00 0 
7ff680000000-7ff680021000 rw-p 00000000 00:00 0 
7ff680021000-7ff684000000 ---p 00000000 00:00 0 
7ff684000000-7ff684021000 rw-p 00000000 00:00 0 
7ff684021000-7ff688000000 ---p 00000000 00:00 0 
7ff688000000-7ff688021000 rw-p 00000000 00:00 0 
7ff688021000-7ff68c000000 ---p 00000000 00:00 0 
7ff68c000000-7ff68c2f6000 rw-p 00000000 00:00 0 
7ff68c2f6000-7ff690000000 ---p 00000000 00:00 0 
7ff690000000-7ff69009a000 rw-p 00000000 00:00 0 
7ff69009a000-7ff694000000 ---p 00000000 00:00 0 
7ff696371000-7ff696374000 ---p 00000000 00:00 0 
7ff696374000-7ff696472000 rw-p 00000000 00:00 0 
7ff696472000-7ff696475000 ---p 00000000 00:00 0 
7ff696475000-7ff696573000 rw-p 00000000 00:00 0 
7ff696573000-7ff696576000 ---p 00000000 00:00 0 
7ff696576000-7ff696674000 rw-p 00000000 00:00 0 
7ff696674000-7ff696677000 ---p 00000000 00:00 0 
7ff696677000-7ff696775000 rw-p 00000000 00:00 0 
7ff696775000-7ff696778000 ---p 00000000 00:00 0 
7ff696778000-7ff696876000 rw-p 00000000 00:00 0 
7ff696876000-7ff696879000 ---p 00000000 00:00 0 
7ff696879000-7ff696977000 rw-p 00000000 00:00 0 
7ff696977000-7ff69697a000 ---p 00000000 00:00 0 
7ff69697a000-7ff696a78000 rw-p 00000000 00:00 0 
7ff696a78000-7ff696a7b000 ---p 00000000 00:00 0 
7ff696a7b000-7ff696b79000 rw-p 00000000 00:00 0 
7ff696b79000-7ff696b7c000 ---p 00000000 00:00 0 
7ff696b7c000-7ff696c7a000 rw-p 00000000 00:00 0 
7ff696c7a000-7ff696c7d000 ---p 00000000 00:00 0 
7ff696c7d000-7ff696d7b000 rw-p 00000000 00:00 0 
7ff696d7b000-7ff696d7e000 ---p 00000000 00:00 0 
7ff696d7e000-7ff696e7c000 rw-p 00000000 00:00 0 
7ff696e7c000-7ff696e7f000 ---p 00000000 00:00 0 
7ff696e7f000-7ff696f7d000 rw-p 00000000 00:00 0 
7ff696f7d000-7ff696f80000 ---p 00000000 00:00 0 
7ff696f80000-7ff69707e000 rw-p 00000000 00:00 0 
7ff69707e000-7ff697088000 r-xp 00000000 08:05 3032462                    /usr/lib/jvm/jdk1.7.0_79/jre/lib/amd64/libinstrument.so
7ff697088000-7ff697287000 ---p 0000a000 08:05 3032462                    /usr/lib/jvm/jdk1.7.0_79/jre/lib/amd64/libinstrument.so
7ff697287000-7ff697288000 rw-p 00009000 08:05 3032462                    /usr/lib/jvm/jdk1.7.0_79/jre/lib/amd64/libinstrument.so
7ff697288000-7ff69728b000 ---p 00000000 00:00 0 
7ff69728b000-7ff697389000 rw-p 00000000 00:00 0 
7ff697389000-7ff69738c000 r-xp 00000000 08:05 3032427                    /usr/lib/jvm/jdk1.7.0_79/jre/lib/amd64/libattach.so
7ff69738c000-7ff69758b000 ---p 00003000 08:05 3032427                    /usr/lib/jvm/jdk1.7.0_79/jre/lib/amd64/libattach.so
7ff69758b000-7ff69758c000 rw-p 00002000 08:05 3032427                    /usr/lib/jvm/jdk1.7.0_79/jre/lib/amd64/libattach.so
7ff69758c000-7ff6975f6000 r--s 00e23000 08:05 3158474                    /usr/lib/jvm/jdk1.7.0_79/lib/tools.jar
7ff6975f6000-7ff6975f9000 ---p 00000000 00:00 0 
7ff6975f9000-7ff6976f7000 rw-p 00000000 00:00 0 
7ff6976f7000-7ff6976fa000 ---p 00000000 00:00 0 
7ff6976fa000-7ff6977f8000 rw-p 00000000 00:00 0 
7ff6977f8000-7ff6977fb000 ---p 00000000 00:00 0 
7ff6977fb000-7ff6978f9000 rw-p 00000000 00:00 0 
7ff6978f9000-7ff6978fc000 ---p 00000000 00:00 0 
7ff6978fc000-7ff6979fa000 rw-p 00000000 00:00 0 
7ff6979fa000-7ff6979fd000 ---p 00000000 00:00 0 
7ff6979fd000-7ff697afb000 rw-p 00000000 00:00 0 
7ff697afb000-7ff697afe000 ---p 00000000 00:00 0 
7ff697afe000-7ff697bfc000 rw-p 00000000 00:00 0 
7ff697bfc000-7ff697bff000 ---p 00000000 00:00 0 
7ff697bff000-7ff697cfd000 rw-p 00000000 00:00 0 
7ff697cfd000-7ff697d00000 ---p 00000000 00:00 0 
7ff697d00000-7ff697dfe000 rw-p 00000000 00:00 0 
7ff697dfe000-7ff697e01000 ---p 00000000 00:00 0 
7ff697e01000-7ff697eff000 rw-p 00000000 00:00 0 
7ff697eff000-7ff697f02000 ---p 00000000 00:00 0 
7ff697f02000-7ff698000000 rw-p 00000000 00:00 0 
7ff698000000-7ff698021000 rw-p 00000000 00:00 0 
7ff698021000-7ff69c000000 ---p 00000000 00:00 0 
7ff69c000000-7ff69c124000 rw-p 00000000 00:00 0 
7ff69c124000-7ff6a0000000 ---p 00000000 00:00 0 
7ff6a0000000-7ff6a0021000 rw-p 00000000 00:00 0 
7ff6a0021000-7ff6a4000000 ---p 00000000 00:00 0 
7ff6a4043000-7ff6a4044000 r--s 00000000 08:05 5256711                    /tmp/ehcache-sizeof-agent5083808765895415220.jar
7ff6a4044000-7ff6a4047000 ---p 00000000 00:00 0 
7ff6a4047000-7ff6a4145000 rw-p 00000000 00:00 0 
7ff6a4145000-7ff6a4148000 ---p 00000000 00:00 0 
7ff6a4148000-7ff6a4246000 rw-p 00000000 00:00 0 
7ff6a4246000-7ff6a4249000 ---p 00000000 00:00 0 
7ff6a4249000-7ff6a4347000 rw-p 00000000 00:00 0 
7ff6a4347000-7ff6a434a000 r--s 013af000 08:05 4739628                    /home/hadong/.m2/repository/org/ansj/ansj_seg/5.0.1/ansj_seg-5.0.1.jar
7ff6a434a000-7ff6a434c000 r--s 00007000 08:05 5386640                    /home/hadong/.m2/repository/com/google/inject/extensions/guice-multibindings/3.0/guice-multibindings-3.0.jar
7ff6a434c000-7ff6a434e000 r--s 00000000 08:05 4467195                    /home/hadong/.m2/repository/aopalliance/aopalliance/1.0/aopalliance-1.0.jar
7ff6a434e000-7ff6a434f000 r--s 00000000 08:05 5386638                    /home/hadong/.m2/repository/javax/inject/javax.inject/1/javax.inject-1.jar
7ff6a434f000-7ff6a435e000 r--s 0009f000 08:05 5386636                    /home/hadong/.m2/repository/com/google/inject/guice/3.0/guice-3.0.jar
7ff6a435e000-7ff6a4363000 r--s 00034000 08:05 4472062                    /home/hadong/.m2/repository/commons-beanutils/commons-beanutils/1.8.3/commons-beanutils-1.8.3.jar
7ff6a4363000-7ff6a436c000 r--s 00051000 08:05 5386634                    /home/hadong/.m2/repository/org/apache/shiro/shiro-core/1.2.3/shiro-core-1.2.3.jar
7ff6a436c000-7ff6a436e000 r--s 00009000 08:05 5386632                    /home/hadong/.m2/repository/org/apache/shiro/shiro-guice/1.2.3/shiro-guice-1.2.3.jar
7ff6a436e000-7ff6a437a000 r--s 00077000 08:05 5386630                    /home/hadong/.m2/repository/org/apache/shiro/shiro-all/1.2.3/shiro-all-1.2.3.jar
7ff6a437a000-7ff6a437c000 r--s 0000f000 08:05 5386628                    /home/hadong/.m2/repository/com/squareup/okio/okio/1.6.0/okio-1.6.0.jar
7ff6a437c000-7ff6a4381000 r--s 0004c000 08:05 5386626                    /home/hadong/.m2/repository/com/squareup/okhttp/okhttp/2.7.5/okhttp-2.7.5.jar
7ff6a4381000-7ff6a43ac000 r--s 001fc000 08:05 5386624                    /home/hadong/.m2/repository/com/google/guava/guava/18.0/guava-18.0.jar
7ff6a43ac000-7ff6a43b3000 r--s 0003a000 08:05 4860656                    /home/hadong/.m2/repository/commons-codec/commons-codec/1.9/commons-codec-1.9.jar
7ff6a43b3000-7ff6a43ba000 r--s 0005e000 08:05 4739616                    /home/hadong/.m2/repository/org/apache/commons/commons-lang3/3.3.2/commons-lang3-3.3.2.jar
7ff6a43ba000-7ff6a43c3000 r--s 000e2000 08:05 4993305                    /home/hadong/.m2/repository/mysql/mysql-connector-java/5.1.34/mysql-connector-java-5.1.34.jar
7ff6a43c3000-7ff6a43e3000 r--s 001b8000 08:05 4993197                    /home/hadong/.m2/repository/com/alibaba/druid/1.0.13/druid-1.0.13.jar
7ff6a43e3000-7ff6a43fe000 r--s 0012e000 08:05 4993124                    /home/hadong/.m2/repository/net/sf/ehcache/ehcache-core/2.6.6/ehcache-core-2.6.6.jar
7ff6a43fe000-7ff6a4408000 r--s 0005f000 08:05 4993107                    /home/hadong/.m2/repository/ch/qos/logback/logback-core/1.1.2/logback-core-1.1.2.jar
7ff6a4408000-7ff6a440e000 r--s 0003d000 08:05 4993100                    /home/hadong/.m2/repository/ch/qos/logback/logback-classic/1.1.2/logback-classic-1.1.2.jar
7ff6a440e000-7ff6a4418000 r--s 00098000 08:05 4993071                    /home/hadong/.m2/repository/org/quartz-scheduler/quartz/2.2.1/quartz-2.2.1.jar
7ff6a4418000-7ff6a442c000 r--s 0010e000 08:05 5386622                    /home/hadong/.m2/repository/org/freemarker/freemarker/2.3.21/freemarker-2.3.21.jar
7ff6a442c000-7ff6a442f000 ---p 00000000 00:00 0 
7ff6a442f000-7ff6a452d000 rw-p 00000000 00:00 0 
7ff6a452d000-7ff6a4534000 r-xp 00000000 08:05 2902134                    /usr/lib/x86_64-linux-gnu/libogg.so.0.8.2
7ff6a4534000-7ff6a4734000 ---p 00007000 08:05 2902134                    /usr/lib/x86_64-linux-gnu/libogg.so.0.8.2
7ff6a4734000-7ff6a4735000 r--p 00007000 08:05 2902134                    /usr/lib/x86_64-linux-gnu/libogg.so.0.8.2
7ff6a4735000-7ff6a4736000 rw-p 00008000 08:05 2902134                    /usr/lib/x86_64-linux-gnu/libogg.so.0.8.2
7ff6a4736000-7ff6a4761000 r-xp 00000000 08:05 2902485                    /usr/lib/x86_64-linux-gnu/libvorbis.so.0.4.8
7ff6a4761000-7ff6a4960000 ---p 0002b000 08:05 2902485                    /usr/lib/x86_64-linux-gnu/libvorbis.so.0.4.8
7ff6a4960000-7ff6a4961000 r--p 0002a000 08:05 2902485                    /usr/lib/x86_64-linux-gnu/libvorbis.so.0.4.8
7ff6a4961000-7ff6a4962000 rw-p 0002b000 08:05 2902485                    /usr/lib/x86_64-linux-gnu/libvorbis.so.0.4.8
7ff6a4962000-7ff6a496b000 r-xp 00000000 08:05 2892257                    /usr/lib/x86_64-linux-gnu/libltdl.so.7.3.1
7ff6a496b000-7ff6a4b6a000 ---p 00009000 08:05 2892257                    /usr/lib/x86_64-linux-gnu/libltdl.so.7.3.1
7ff6a4b6a000-7ff6a4b6b000 r--p 00008000 08:05 2892257                    /usr/lib/x86_64-linux-gnu/libltdl.so.7.3.1
7ff6a4b6b000-7ff6a4b6c000 rw-p 00009000 08:05 2892257                    /usr/lib/x86_64-linux-gnu/libltdl.so.7.3.1
7ff6a4b6c000-7ff6a4b80000 r-xp 00000000 08:05 2902422                    /usr/lib/x86_64-linux-gnu/libtdb.so.1.3.9
7ff6a4b80000-7ff6a4d80000 ---p 00014000 08:05 2902422                    /usr/lib/x86_64-linux-gnu/libtdb.so.1.3.9
7ff6a4d80000-7ff6a4d81000 r--p 00014000 08:05 2902422                    /usr/lib/x86_64-linux-gnu/libtdb.so.1.3.9
7ff6a4d81000-7ff6a4d82000 rw-p 00015000 08:05 2902422                    /usr/lib/x86_64-linux-gnu/libtdb.so.1.3.9
7ff6a4d82000-7ff6a4d8a000 r-xp 00000000 08:05 2902489                    /usr/lib/x86_64-linux-gnu/libvorbisfile.so.3.3.7
7ff6a4d8a000-7ff6a4f89000 ---p 00008000 08:05 2902489                    /usr/lib/x86_64-linux-gnu/libvorbisfile.so.3.3.7
7ff6a4f89000-7ff6a4f8a000 r--p 00007000 08:05 2902489                    /usr/lib/x86_64-linux-gnu/libvorbisfile.so.3.3.7
7ff6a4f8a000-7ff6a4f8b000 rw-p 00008000 08:05 2902489                    /usr/lib/x86_64-linux-gnu/libvorbisfile.so.3.3.7
7ff6a4f8b000-7ff6a4f90000 r-xp 00000000 08:05 2901115                    /usr/lib/x86_64-linux-gnu/libORBitCosNaming-2.so.0.1.0
7ff6a4f90000-7ff6a5190000 ---p 00005000 08:05 2901115                    /usr/lib/x86_64-linux-gnu/libORBitCosNaming-2.so.0.1.0
7ff6a5190000-7ff6a5191000 r--p 00005000 08:05 2901115                    /usr/lib/x86_64-linux-gnu/libORBitCosNaming-2.so.0.1.0
7ff6a5191000-7ff6a5192000 rw-p 00006000 08:05 2901115                    /usr/lib/x86_64-linux-gnu/libORBitCosNaming-2.so.0.1.0
7ff6a5192000-7ff6a519d000 r-xp 00000000 08:05 3943708                    /lib/x86_64-linux-gnu/libpopt.so.0.0.0
7ff6a519d000-7ff6a539d000 ---p 0000b000 08:05 3943708                    /lib/x86_64-linux-gnu/libpopt.so.0.0.0
7ff6a539d000-7ff6a539e000 r--p 0000b000 08:05 3943708                    /lib/x86_64-linux-gnu/libpopt.so.0.0.0
7ff6a539e000-7ff6a539f000 rw-p 0000c000 08:05 3943708                    /lib/x86_64-linux-gnu/libpopt.so.0.0.0
7ff6a539f000-7ff6a53b0000 r-xp 00000000 08:05 2901384                    /usr/lib/x86_64-linux-gnu/libcanberra.so.0.2.5
7ff6a53b0000-7ff6a55af000 ---p 00011000 08:05 2901384                    /usr/lib/x86_64-linux-gnu/libcanberra.so.0.2.5
7ff6a55af000-7ff6a55b0000 r--p 00010000 08:05 2901384                    /usr/lib/x86_64-linux-gnu/libcanberra.so.0.2.5
7ff6a55b0000-7ff6a55b1000 rw-p 00011000 08:05 2901384                    /usr/lib/x86_64-linux-gnu/libcanberra.so.0.2.5
7ff6a55b1000-7ff6a560f000 r-xp 00000000 08:05 2901113                    /usr/lib/x86_64-linux-gnu/libORBit-2.so.0.1.0
7ff6a560f000-7ff6a580e000 ---p 0005e000 08:05 2901113                    /usr/lib/x86_64-linux-gnu/libORBit-2.so.0.1.0
7ff6a580e000-7ff6a581d000 r--p 0005d000 08:05 2901113                    /usr/lib/x86_64-linux-gnu/libORBit-2.so.0.1.0
7ff6a581d000-7ff6a5820000 rw-p 0006c000 08:05 2901113                    /usr/lib/x86_64-linux-gnu/libORBit-2.so.0.1.0
7ff6a5820000-7ff6a5821000 rw-p 00000000 00:00 0 
7ff6a5821000-7ff6a5838000 r-xp 00000000 08:05 2901356                    /usr/lib/x86_64-linux-gnu/libbonobo-activation.so.4.0.0
7ff6a5838000-7ff6a5a38000 ---p 00017000 08:05 2901356                    /usr/lib/x86_64-linux-gnu/libbonobo-activation.so.4.0.0
7ff6a5a38000-7ff6a5a3a000 r--p 00017000 08:05 2901356                    /usr/lib/x86_64-linux-gnu/libbonobo-activation.so.4.0.0
7ff6a5a3a000-7ff6a5a3c000 rw-p 00019000 08:05 2901356                    /usr/lib/x86_64-linux-gnu/libbonobo-activation.so.4.0.0
7ff6a5a3c000-7ff6a5a3d000 rw-p 00000000 00:00 0 
7ff6a5a3d000-7ff6a5aa1000 r-xp 00000000 08:05 2901354                    /usr/lib/x86_64-linux-gnu/libbonobo-2.so.0.0.0
7ff6a5aa1000-7ff6a5ca1000 ---p 00064000 08:05 2901354                    /usr/lib/x86_64-linux-gnu/libbonobo-2.so.0.0.0
7ff6a5ca1000-7ff6a5ca7000 r--p 00064000 08:05 2901354                    /usr/lib/x86_64-linux-gnu/libbonobo-2.so.0.0.0
7ff6a5ca7000-7ff6a5cb2000 rw-p 0006a000 08:05 2901354                    /usr/lib/x86_64-linux-gnu/libbonobo-2.so.0.0.0
7ff6a5cb2000-7ff6a5cc8000 r-xp 00000000 08:05 2901685                    /usr/lib/x86_64-linux-gnu/libgnome-2.so.0.3200.1
7ff6a5cc8000-7ff6a5ec7000 ---p 00016000 08:05 2901685                    /usr/lib/x86_64-linux-gnu/libgnome-2.so.0.3200.1
7ff6a5ec7000-7ff6a5ec8000 r--p 00015000 08:05 2901685                    /usr/lib/x86_64-linux-gnu/libgnome-2.so.0.3200.1
7ff6a5ec8000-7ff6a5ec9000 rw-p 00016000 08:05 2901685                    /usr/lib/x86_64-linux-gnu/libgnome-2.so.0.3200.1
7ff6a5ec9000-7ff6a5edb000 r-xp 00000000 08:05 3940653                    /lib/x86_64-linux-gnu/libgpg-error.so.0.19.1
7ff6a5edb000-7ff6a60db000 ---p 00012000 08:05 3940653                    /lib/x86_64-linux-gnu/libgpg-error.so.0.19.1
7ff6a60db000-7ff6a60dc000 r--p 00012000 08:05 3940653                    /lib/x86_64-linux-gnu/libgpg-error.so.0.19.1
7ff6a60dc000-7ff6a60dd000 rw-p 00013000 08:05 3940653                    /lib/x86_64-linux-gnu/libgpg-error.so.0.19.1
7ff6a60dd000-7ff6a61e3000 r-xp 00000000 08:05 3943628                    /lib/x86_64-linux-gnu/libgcrypt.so.20.1.2
7ff6a61e3000-7ff6a63e3000 ---p 00106000 08:05 3943628                    /lib/x86_64-linux-gnu/libgcrypt.so.20.1.2
7ff6a63e3000-7ff6a63e5000 r--p 00106000 08:05 3943628                    /lib/x86_64-linux-gnu/libgcrypt.so.20.1.2
7ff6a63e5000-7ff6a63ec000 rw-p 00108000 08:05 3943628                    /lib/x86_64-linux-gnu/libgcrypt.so.20.1.2
7ff6a63ec000-7ff6a6402000 r-xp 00000000 08:05 3940650                    /lib/x86_64-linux-gnu/libgcc_s.so.1
7ff6a6402000-7ff6a6601000 ---p 00016000 08:05 3940650                    /lib/x86_64-linux-gnu/libgcc_s.so.1
7ff6a6601000-7ff6a6602000 rw-p 00015000 08:05 3940650                    /lib/x86_64-linux-gnu/libgcc_s.so.1
7ff6a6602000-7ff6a6773000 r-xp 00000000 08:05 2889296                    /usr/lib/x86_64-linux-gnu/libstdc++.so.6.0.22
7ff6a6773000-7ff6a6973000 ---p 00171000 08:05 2889296                    /usr/lib/x86_64-linux-gnu/libstdc++.so.6.0.22
7ff6a6973000-7ff6a697d000 r--p 00171000 08:05 2889296                    /usr/lib/x86_64-linux-gnu/libstdc++.so.6.0.22
7ff6a697d000-7ff6a697f000 rw-p 0017b000 08:05 2889296                    /usr/lib/x86_64-linux-gnu/libstdc++.so.6.0.22
7ff6a697f000-7ff6a6983000 rw-p 00000000 00:00 0 
7ff6a6983000-7ff6a69a7000 r-xp 00000000 08:05 3943514                    /lib/x86_64-linux-gnu/libselinux.so.1
7ff6a69a7000-7ff6a6ba6000 ---p 00024000 08:05 3943514                    /lib/x86_64-linux-gnu/libselinux.so.1
7ff6a6ba6000-7ff6a6ba7000 r--p 00023000 08:05 3943514                    /lib/x86_64-linux-gnu/libselinux.so.1
7ff6a6ba7000-7ff6a6ba8000 rw-p 00024000 08:05 3943514                    /lib/x86_64-linux-gnu/libselinux.so.1
7ff6a6ba8000-7ff6a6baa000 rw-p 00000000 00:00 0 
7ff6a6baa000-7ff6a6c1b000 r-xp 00000000 08:05 3940685                    /lib/x86_64-linux-gnu/libpcre.so.3.13.3
7ff6a6c1b000-7ff6a6e1a000 ---p 00071000 08:05 3940685                    /lib/x86_64-linux-gnu/libpcre.so.3.13.3
7ff6a6e1a000-7ff6a6e1b000 r--p 00070000 08:05 3940685                    /lib/x86_64-linux-gnu/libpcre.so.3.13.3
7ff6a6e1b000-7ff6a6e1c000 rw-p 00071000 08:05 3940685                    /lib/x86_64-linux-gnu/libpcre.so.3.13.3
7ff6a6e1c000-7ff6a6e9e000 r-xp 00000000 08:05 2890626                    /usr/lib/x86_64-linux-gnu/libgmp.so.10.3.1
7ff6a6e9e000-7ff6a709d000 ---p 00082000 08:05 2890626                    /usr/lib/x86_64-linux-gnu/libgmp.so.10.3.1
7ff6a709d000-7ff6a709e000 r--p 00081000 08:05 2890626                    /usr/lib/x86_64-linux-gnu/libgmp.so.10.3.1
7ff6a709e000-7ff6a709f000 rw-p 00082000 08:05 2890626                    /usr/lib/x86_64-linux-gnu/libgmp.so.10.3.1
7ff6a709f000-7ff6a70d2000 r-xp 00000000 08:05 2901879                    /usr/lib/x86_64-linux-gnu/libhogweed.so.4.2
7ff6a70d2000-7ff6a72d2000 ---p 00033000 08:05 2901879                    /usr/lib/x86_64-linux-gnu/libhogweed.so.4.2
7ff6a72d2000-7ff6a72d3000 r--p 00033000 08:05 2901879                    /usr/lib/x86_64-linux-gnu/libhogweed.so.4.2
7ff6a72d3000-7ff6a72d4000 rw-p 00034000 08:05 2901879                    /usr/lib/x86_64-linux-gnu/libhogweed.so.4.2
7ff6a72d4000-7ff6a7309000 r-xp 00000000 08:05 2902095                    /usr/lib/x86_64-linux-gnu/libnettle.so.6.2
7ff6a7309000-7ff6a7508000 ---p 00035000 08:05 2902095                    /usr/lib/x86_64-linux-gnu/libnettle.so.6.2
7ff6a7508000-7ff6a750a000 r--p 00034000 08:05 2902095                    /usr/lib/x86_64-linux-gnu/libnettle.so.6.2
7ff6a750a000-7ff6a750b000 rw-p 00036000 08:05 2902095                    /usr/lib/x86_64-linux-gnu/libnettle.so.6.2
7ff6a750b000-7ff6a751c000 r-xp 00000000 08:05 2890642                    /usr/lib/x86_64-linux-gnu/libtasn1.so.6.5.2
7ff6a751c000-7ff6a771c000 ---p 00011000 08:05 2890642                    /usr/lib/x86_64-linux-gnu/libtasn1.so.6.5.2
7ff6a771c000-7ff6a771d000 r--p 00011000 08:05 2890642                    /usr/lib/x86_64-linux-gnu/libtasn1.so.6.5.2
7ff6a771d000-7ff6a771e000 rw-p 00012000 08:05 2890642                    /usr/lib/x86_64-linux-gnu/libtasn1.so.6.5.2
7ff6a771e000-7ff6a7750000 r-xp 00000000 08:05 3943494                    /lib/x86_64-linux-gnu/libidn.so.11.6.16
7ff6a7750000-7ff6a7950000 ---p 00032000 08:05 3943494                    /lib/x86_64-linux-gnu/libidn.so.11.6.16
7ff6a7950000-7ff6a7951000 r--p 00032000 08:05 3943494                    /lib/x86_64-linux-gnu/libidn.so.11.6.16
7ff6a7951000-7ff6a7952000 rw-p 00033000 08:05 3943494                    /lib/x86_64-linux-gnu/libidn.so.11.6.16
7ff6a7952000-7ff6a79ab000 r-xp 00000000 08:05 2892624                    /usr/lib/x86_64-linux-gnu/libp11-kit.so.0.1.0
7ff6a79ab000-7ff6a7bab000 ---p 00059000 08:05 2892624                    /usr/lib/x86_64-linux-gnu/libp11-kit.so.0.1.0
7ff6a7bab000-7ff6a7bb5000 r--p 00059000 08:05 2892624                    /usr/lib/x86_64-linux-gnu/libp11-kit.so.0.1.0
7ff6a7bb5000-7ff6a7bb7000 rw-p 00063000 08:05 2892624                    /usr/lib/x86_64-linux-gnu/libp11-kit.so.0.1.0
7ff6a7bb7000-7ff6a7bbe000 r-xp 00000000 08:05 2901550                    /usr/lib/x86_64-linux-gnu/libffi.so.6.0.4
7ff6a7bbe000-7ff6a7dbe000 ---p 00007000 08:05 2901550                    /usr/lib/x86_64-linux-gnu/libffi.so.6.0.4
7ff6a7dbe000-7ff6a7dbf000 r--p 00007000 08:05 2901550                    /usr/lib/x86_64-linux-gnu/libffi.so.6.0.4
7ff6a7dbf000-7ff6a7dc0000 rw-p 00008000 08:05 2901550                    /usr/lib/x86_64-linux-gnu/libffi.so.6.0.4
7ff6a7dc0000-7ff6a7e42000 r-xp 00000000 08:05 3940710                    /lib/x86_64-linux-gnu/libsystemd.so.0.16.0
7ff6a7e42000-7ff6a7e43000 ---p 00082000 08:05 3940710                    /lib/x86_64-linux-gnu/libsystemd.so.0.16.0
7ff6a7e43000-7ff6a7e46000 r--p 00082000 08:05 3940710                    /lib/x86_64-linux-gnu/libsystemd.so.0.16.0
7ff6a7e46000-7ff6a7e47000 rw-p 00085000 08:05 3940710                    /lib/x86_64-linux-gnu/libsystemd.so.0.16.0
7ff6a7e47000-7ff6a7e48000 rw-p 00000000 00:00 0 
7ff6a7e48000-7ff6a7e6a000 r-xp 00000000 08:05 3943648                    /lib/x86_64-linux-gnu/liblzma.so.5.0.0
7ff6a7e6a000-7ff6a8069000 ---p 00022000 08:05 3943648                    /lib/x86_64-linux-gnu/liblzma.so.5.0.0
7ff6a8069000-7ff6a806a000 r--p 00021000 08:05 3943648                    /lib/x86_64-linux-gnu/liblzma.so.5.0.0
7ff6a806a000-7ff6a806b000 rw-p 00022000 08:05 3943648                    /lib/x86_64-linux-gnu/liblzma.so.5.0.0
7ff6a806b000-7ff6a8085000 r-xp 00000000 08:05 3943754                    /lib/x86_64-linux-gnu/libz.so.1.2.8
7ff6a8085000-7ff6a8284000 ---p 0001a000 08:05 3943754                    /lib/x86_64-linux-gnu/libz.so.1.2.8
7ff6a8284000-7ff6a8285000 r--p 00019000 08:05 3943754                    /lib/x86_64-linux-gnu/libz.so.1.2.8
7ff6a8285000-7ff6a8286000 rw-p 0001a000 08:05 3943754                    /lib/x86_64-linux-gnu/libz.so.1.2.8
7ff6a8286000-7ff6a9b02000 r-xp 00000000 08:05 2889357                    /usr/lib/x86_64-linux-gnu/libicudata.so.57.1
7ff6a9b02000-7ff6a9d01000 ---p 0187c000 08:05 2889357                    /usr/lib/x86_64-linux-gnu/libicudata.so.57.1
7ff6a9d01000-7ff6a9d02000 r--p 0187b000 08:05 2889357                    /usr/lib/x86_64-linux-gnu/libicudata.so.57.1
7ff6a9d02000-7ff6a9d03000 rw-p 0187c000 08:05 2889357                    /usr/lib/x86_64-linux-gnu/libicudata.so.57.1
7ff6a9d03000-7ff6a9e97000 r-xp 00000000 08:05 2890065                    /usr/lib/x86_64-linux-gnu/libicuuc.so.57.1
7ff6a9e97000-7ff6aa096000 ---p 00194000 08:05 2890065                    /usr/lib/x86_64-linux-gnu/libicuuc.so.57.1
7ff6aa096000-7ff6aa0a8000 r--p 00193000 08:05 2890065                    /usr/lib/x86_64-linux-gnu/libicuuc.so.57.1
7ff6aa0a8000-7ff6aa0a9000 rw-p 001a5000 08:05 2890065                    /usr/lib/x86_64-linux-gnu/libicuuc.so.57.1
7ff6aa0a9000-7ff6aa0ab000 rw-p 00000000 00:00 0 
7ff6aa0ab000-7ff6aa316000 r-xp 00000000 08:05 2889485                    /usr/lib/x86_64-linux-gnu/libicui18n.so.57.1
7ff6aa316000-7ff6aa515000 ---p 0026b000 08:05 2889485                    /usr/lib/x86_64-linux-gnu/libicui18n.so.57.1
7ff6aa515000-7ff6aa522000 r--p 0026a000 08:05 2889485                    /usr/lib/x86_64-linux-gnu/libicui18n.so.57.1
7ff6aa522000-7ff6aa524000 rw-p 00277000 08:05 2889485                    /usr/lib/x86_64-linux-gnu/libicui18n.so.57.1
7ff6aa524000-7ff6aa525000 rw-p 00000000 00:00 0 
7ff6aa525000-7ff6aa526000 r-xp 00000000 08:05 2901849                    /usr/lib/x86_64-linux-gnu/libgthread-2.0.so.0.4800.1
7ff6aa526000-7ff6aa725000 ---p 00001000 08:05 2901849                    /usr/lib/x86_64-linux-gnu/libgthread-2.0.so.0.4800.1
7ff6aa725000-7ff6aa726000 r--p 00000000 08:05 2901849                    /usr/lib/x86_64-linux-gnu/libgthread-2.0.so.0.4800.1
7ff6aa726000-7ff6aa727000 rw-p 00001000 08:05 2901849                    /usr/lib/x86_64-linux-gnu/libgthread-2.0.so.0.4800.1
7ff6aa727000-7ff6aa8a7000 r-xp 00000000 08:05 2901653                    /usr/lib/x86_64-linux-gnu/libgio-2.0.so.0.4800.1
7ff6aa8a7000-7ff6aaaa7000 ---p 00180000 08:05 2901653                    /usr/lib/x86_64-linux-gnu/libgio-2.0.so.0.4800.1
7ff6aaaa7000-7ff6aaaab000 r--p 00180000 08:05 2901653                    /usr/lib/x86_64-linux-gnu/libgio-2.0.so.0.4800.1
7ff6aaaab000-7ff6aaaad000 rw-p 00184000 08:05 2901653                    /usr/lib/x86_64-linux-gnu/libgio-2.0.so.0.4800.1
7ff6aaaad000-7ff6aaaaf000 rw-p 00000000 00:00 0 
7ff6aaaaf000-7ff6aaab1000 r-xp 00000000 08:05 3940668                    /lib/x86_64-linux-gnu/libutil-2.23.so
7ff6aaab1000-7ff6aacb0000 ---p 00002000 08:05 3940668                    /lib/x86_64-linux-gnu/libutil-2.23.so
7ff6aacb0000-7ff6aacb1000 r--p 00001000 08:05 3940668                    /lib/x86_64-linux-gnu/libutil-2.23.so
7ff6aacb1000-7ff6aacb2000 rw-p 00002000 08:05 3940668                    /lib/x86_64-linux-gnu/libutil-2.23.so
7ff6aacb2000-7ff6aacc6000 r-xp 00000000 08:05 3940665                    /lib/x86_64-linux-gnu/libresolv-2.23.so
7ff6aacc6000-7ff6aaec5000 ---p 00014000 08:05 3940665                    /lib/x86_64-linux-gnu/libresolv-2.23.so
7ff6aaec5000-7ff6aaec6000 r--p 00013000 08:05 3940665                    /lib/x86_64-linux-gnu/libresolv-2.23.so
7ff6aaec6000-7ff6aaec7000 rw-p 00014000 08:05 3940665                    /lib/x86_64-linux-gnu/libresolv-2.23.so
7ff6aaec7000-7ff6aaec9000 rw-p 00000000 00:00 0 
7ff6aaec9000-7ff6aaed9000 r-xp 00000000 08:05 2894314                    /usr/lib/x86_64-linux-gnu/libavahi-client.so.3.2.9
7ff6aaed9000-7ff6ab0d8000 ---p 00010000 08:05 2894314                    /usr/lib/x86_64-linux-gnu/libavahi-client.so.3.2.9
7ff6ab0d8000-7ff6ab0d9000 r--p 0000f000 08:05 2894314                    /usr/lib/x86_64-linux-gnu/libavahi-client.so.3.2.9
7ff6ab0d9000-7ff6ab0da000 rw-p 00010000 08:05 2894314                    /usr/lib/x86_64-linux-gnu/libavahi-client.so.3.2.9
7ff6ab0da000-7ff6ab0e6000 r-xp 00000000 08:05 2894411                    /usr/lib/x86_64-linux-gnu/libavahi-common.so.3.5.3
7ff6ab0e6000-7ff6ab2e5000 ---p 0000c000 08:05 2894411                    /usr/lib/x86_64-linux-gnu/libavahi-common.so.3.5.3
7ff6ab2e5000-7ff6ab2e6000 r--p 0000b000 08:05 2894411                    /usr/lib/x86_64-linux-gnu/libavahi-common.so.3.5.3
7ff6ab2e6000-7ff6ab2e7000 rw-p 0000c000 08:05 2894411                    /usr/lib/x86_64-linux-gnu/libavahi-common.so.3.5.3
7ff6ab2e7000-7ff6ab3f5000 r-xp 00000000 08:05 3943627                    /lib/x86_64-linux-gnu/libglib-2.0.so.0.4800.1
7ff6ab3f5000-7ff6ab5f5000 ---p 0010e000 08:05 3943627                    /lib/x86_64-linux-gnu/libglib-2.0.so.0.4800.1
7ff6ab5f5000-7ff6ab5f6000 r--p 0010e000 08:05 3943627                    /lib/x86_64-linux-gnu/libglib-2.0.so.0.4800.1
7ff6ab5f6000-7ff6ab5f7000 rw-p 0010f000 08:05 3943627                    /lib/x86_64-linux-gnu/libglib-2.0.so.0.4800.1
7ff6ab5f7000-7ff6ab5f8000 rw-p 00000000 00:00 0 
7ff6ab5f8000-7ff6ab5fb000 r-xp 00000000 08:05 2889306                    /usr/lib/x86_64-linux-gnu/libavahi-glib.so.1.0.2
7ff6ab5fb000-7ff6ab7fa000 ---p 00003000 08:05 2889306                    /usr/lib/x86_64-linux-gnu/libavahi-glib.so.1.0.2
7ff6ab7fa000-7ff6ab7fb000 r--p 00002000 08:05 2889306                    /usr/lib/x86_64-linux-gnu/libavahi-glib.so.1.0.2
7ff6ab7fb000-7ff6ab7fc000 rw-p 00003000 08:05 2889306                    /usr/lib/x86_64-linux-gnu/libavahi-glib.so.1.0.2
7ff6ab7fc000-7ff6ab94f000 r-xp 00000000 08:05 2894345                    /usr/lib/x86_64-linux-gnu/libgnutls.so.30.10.0
7ff6ab94f000-7ff6abb4f000 ---p 00153000 08:05 2894345                    /usr/lib/x86_64-linux-gnu/libgnutls.so.30.10.0
7ff6abb4f000-7ff6abb5c000 r--p 00153000 08:05 2894345                    /usr/lib/x86_64-linux-gnu/libgnutls.so.30.10.0
7ff6abb5c000-7ff6abb5d000 rw-p 00160000 08:05 2894345                    /usr/lib/x86_64-linux-gnu/libgnutls.so.30.10.0
7ff6abb5d000-7ff6abb5e000 rw-p 00000000 00:00 0 
7ff6abb5e000-7ff6abbb0000 r-xp 00000000 08:05 2901709                    /usr/lib/x86_64-linux-gnu/libgobject-2.0.so.0.4800.1
7ff6abbb0000-7ff6abdaf000 ---p 00052000 08:05 2901709                    /usr/lib/x86_64-linux-gnu/libgobject-2.0.so.0.4800.1
7ff6abdaf000-7ff6abdb0000 r--p 00051000 08:05 2901709                    /usr/lib/x86_64-linux-gnu/libgobject-2.0.so.0.4800.1
7ff6abdb0000-7ff6abdb1000 rw-p 00052000 08:05 2901709                    /usr/lib/x86_64-linux-gnu/libgobject-2.0.so.0.4800.1
7ff6abdb1000-7ff6abdfe000 r-xp 00000000 08:05 3943598                    /lib/x86_64-linux-gnu/libdbus-1.so.3.14.6
7ff6abdfe000-7ff6abffd000 ---p 0004d000 08:05 3943598                    /lib/x86_64-linux-gnu/libdbus-1.so.3.14.6
7ff6abffd000-7ff6abfff000 r--p 0004c000 08:05 3943598                    /lib/x86_64-linux-gnu/libdbus-1.so.3.14.6
7ff6abfff000-7ff6ac000000 rw-p 0004e000 08:05 3943598                    /lib/x86_64-linux-gnu/libdbus-1.so.3.14.6
7ff6ac000000-7ff6ac021000 rw-p 00000000 00:00 0 
7ff6ac021000-7ff6b0000000 ---p 00000000 00:00 0 
7ff6b0000000-7ff6b0021000 rw-p 00000000 00:00 0 
7ff6b0021000-7ff6b4000000 ---p 00000000 00:00 0 
7ff6b4000000-7ff6b4021000 rw-p 00000000 00:00 0 
7ff6b4021000-7ff6b8000000 ---p 00000000 00:00 0 
7ff6b8000000-7ff6b8021000 rw-p 00000000 00:00 0 
7ff6b8021000-7ff6bc000000 ---p 00000000 00:00 0 
7ff6bc000000-7ff6bcea3000 rw-p 00000000 00:00 0 
7ff6bcea3000-7ff6c0000000 ---p 00000000 00:00 0 
7ff6c0000000-7ff6c0eb0000 rw-p 00000000 00:00 0 
7ff6c0eb0000-7ff6c4000000 ---p 00000000 00:00 0 
7ff6c4000000-7ff6c402a000 rw-p 00000000 00:00 0 
7ff6c402a000-7ff6c8000000 ---p 00000000 00:00 0 
7ff6c8000000-7ff6c8021000 rw-p 00000000 00:00 0 
7ff6c8021000-7ff6cc000000 ---p 00000000 00:00 0 
7ff6cc000000-7ff6cc021000 rw-p 00000000 00:00 0 
7ff6cc021000-7ff6d0000000 ---p 00000000 00:00 0 
7ff6d0000000-7ff6d0255000 rw-p 00000000 00:00 0 
7ff6d0255000-7ff6d4000000 ---p 00000000 00:00 0 
7ff6d4000000-7ff6d4021000 rw-p 00000000 00:00 0 
7ff6d4021000-7ff6d8000000 ---p 00000000 00:00 0 
7ff6d8000000-7ff6d8021000 rw-p 00000000 00:00 0 
7ff6d8021000-7ff6dc000000 ---p 00000000 00:00 0 
7ff6dc000000-7ff6dc269000 rw-p 00000000 00:00 0 
7ff6dc269000-7ff6e0000000 ---p 00000000 00:00 0 
7ff6e0000000-7ff6e0021000 rw-p 00000000 00:00 0 
7ff6e0021000-7ff6e4000000 ---p 00000000 00:00 0 
7ff6e4000000-7ff6e4002000 r--s 00003000 08:05 4993369                    /home/hadong/.m2/repository/cn/dreampie/resty-quartz/1.3.0-SNAPSHOT/resty-quartz-1.3.0-SNAPSHOT.jar
7ff6e4002000-7ff6e4004000 r--s 00003000 08:05 4993367                    /home/hadong/.m2/repository/cn/dreampie/resty-upload/1.3.0-SNAPSHOT/resty-upload-1.3.0-SNAPSHOT.jar
7ff6e4004000-7ff6e4005000 r--s 00006000 08:05 4992614                    /home/hadong/.m2/repository/cn/dreampie/resty-security/1.3.0-SNAPSHOT/resty-security-1.3.0-SNAPSHOT.jar
7ff6e4005000-7ff6e4006000 r--s 00004000 08:05 4992605                    /home/hadong/.m2/repository/cn/dreampie/resty-cache/1.3.0-SNAPSHOT/resty-cache-1.3.0-SNAPSHOT.jar
7ff6e4006000-7ff6e4008000 r--s 00011000 08:05 4992611                    /home/hadong/.m2/repository/cn/dreampie/resty-orm/1.3.0-SNAPSHOT/resty-orm-1.3.0-SNAPSHOT.jar
7ff6e4008000-7ff6e400b000 r--s 0001a000 08:05 4993362                    /home/hadong/.m2/repository/cn/dreampie/resty-common/1.3.0-SNAPSHOT/resty-common-1.3.0-SNAPSHOT.jar
7ff6e400b000-7ff6e4014000 r--s 0006f000 08:05 5386620                    /home/hadong/.m2/repository/log4j/log4j/1.2.17/log4j-1.2.17.jar
7ff6e4014000-7ff6e4025000 r--s 000f6000 08:05 5386614                    /home/hadong/.m2/repository/com/fasterxml/jackson/core/jackson-databind/2.4.3/jackson-databind-2.4.3.jar
7ff6e4025000-7ff6e404b000 r-xp 00000000 08:05 2901444                    /usr/lib/x86_64-linux-gnu/libdbus-glib-1.so.2.3.3
7ff6e404b000-7ff6e424a000 ---p 00026000 08:05 2901444                    /usr/lib/x86_64-linux-gnu/libdbus-glib-1.so.2.3.3
7ff6e424a000-7ff6e424b000 r--p 00025000 08:05 2901444                    /usr/lib/x86_64-linux-gnu/libdbus-glib-1.so.2.3.3
7ff6e424b000-7ff6e424c000 rw-p 00026000 08:05 2901444                    /usr/lib/x86_64-linux-gnu/libdbus-glib-1.so.2.3.3
7ff6e424c000-7ff6e43fc000 r-xp 00000000 08:05 2890504                    /usr/lib/x86_64-linux-gnu/libxml2.so.2.9.4
7ff6e43fc000-7ff6e45fc000 ---p 001b0000 08:05 2890504                    /usr/lib/x86_64-linux-gnu/libxml2.so.2.9.4
7ff6e45fc000-7ff6e4604000 r--p 001b0000 08:05 2890504                    /usr/lib/x86_64-linux-gnu/libxml2.so.2.9.4
7ff6e4604000-7ff6e4606000 rw-p 001b8000 08:05 2890504                    /usr/lib/x86_64-linux-gnu/libxml2.so.2.9.4
7ff6e4606000-7ff6e4607000 rw-p 00000000 00:00 0 
7ff6e4607000-7ff6e4637000 r-xp 00000000 08:05 2901617                    /usr/lib/x86_64-linux-gnu/libgconf-2.so.4.1.5
7ff6e4637000-7ff6e4836000 ---p 00030000 08:05 2901617                    /usr/lib/x86_64-linux-gnu/libgconf-2.so.4.1.5
7ff6e4836000-7ff6e4837000 r--p 0002f000 08:05 2901617                    /usr/lib/x86_64-linux-gnu/libgconf-2.so.4.1.5
7ff6e4837000-7ff6e4838000 rw-p 00030000 08:05 2901617                    /usr/lib/x86_64-linux-gnu/libgconf-2.so.4.1.5
7ff6e4838000-7ff6e483b000 r-xp 00000000 08:05 2901675                    /usr/lib/x86_64-linux-gnu/libgmodule-2.0.so.0.4800.1
7ff6e483b000-7ff6e4a3a000 ---p 00003000 08:05 2901675                    /usr/lib/x86_64-linux-gnu/libgmodule-2.0.so.0.4800.1
7ff6e4a3a000-7ff6e4a3b000 r--p 00002000 08:05 2901675                    /usr/lib/x86_64-linux-gnu/libgmodule-2.0.so.0.4800.1
7ff6e4a3b000-7ff6e4a3c000 rw-p 00003000 08:05 2901675                    /usr/lib/x86_64-linux-gnu/libgmodule-2.0.so.0.4800.1
7ff6e4a3c000-7ff6e4aa0000 r-xp 00000000 08:05 2901691                    /usr/lib/x86_64-linux-gnu/libgnomevfs-2.so.0.2400.4
7ff6e4aa0000-7ff6e4ca0000 ---p 00064000 08:05 2901691                    /usr/lib/x86_64-linux-gnu/libgnomevfs-2.so.0.2400.4
7ff6e4ca0000-7ff6e4ca4000 rw-p 00064000 08:05 2901691                    /usr/lib/x86_64-linux-gnu/libgnomevfs-2.so.0.2400.4
7ff6e4ca4000-7ff6e4ca5000 rw-p 00000000 00:00 0 
7ff6e4ca5000-7ff6e4ca8000 ---p 00000000 00:00 0 
7ff6e4ca8000-7ff6e4da6000 rw-p 00000000 00:00 0 
7ff6e4da6000-7ff6e4dab000 r-xp 00000000 08:05 2900816                    /usr/lib/x86_64-linux-gnu/libXfixes.so.3.1.0
7ff6e4dab000-7ff6e4faa000 ---p 00005000 08:05 2900816                    /usr/lib/x86_64-linux-gnu/libXfixes.so.3.1.0
7ff6e4faa000-7ff6e4fab000 r--p 00004000 08:05 2900816                    /usr/lib/x86_64-linux-gnu/libXfixes.so.3.1.0
7ff6e4fab000-7ff6e4fac000 rw-p 00005000 08:05 2900816                    /usr/lib/x86_64-linux-gnu/libXfixes.so.3.1.0
7ff6e4fac000-7ff6e4fb6000 r-xp 00000000 08:05 2901236                    /usr/lib/x86_64-linux-gnu/libXcursor.so.1.0.2
7ff6e4fb6000-7ff6e51b5000 ---p 0000a000 08:05 2901236                    /usr/lib/x86_64-linux-gnu/libXcursor.so.1.0.2
7ff6e51b5000-7ff6e51b6000 r--p 00009000 08:05 2901236                    /usr/lib/x86_64-linux-gnu/libXcursor.so.1.0.2
7ff6e51b6000-7ff6e51b7000 rw-p 0000a000 08:05 2901236                    /usr/lib/x86_64-linux-gnu/libXcursor.so.1.0.2
7ff6e51b7000-7ff6e51ba000 ---p 00000000 00:00 0 
7ff6e51ba000-7ff6e52b8000 rw-p 00000000 00:00 0 
7ff6e52b8000-7ff6e52da000 r--p 00000000 08:05 4214858                    /usr/share/locale/zh_CN/LC_MESSAGES/libc.mo
7ff6e52da000-7ff6e52df000 r-xp 00000000 08:05 2901240                    /usr/lib/x86_64-linux-gnu/libXdmcp.so.6.0.0
7ff6e52df000-7ff6e54de000 ---p 00005000 08:05 2901240                    /usr/lib/x86_64-linux-gnu/libXdmcp.so.6.0.0
7ff6e54de000-7ff6e54df000 r--p 00004000 08:05 2901240                    /usr/lib/x86_64-linux-gnu/libXdmcp.so.6.0.0
7ff6e54df000-7ff6e54e0000 rw-p 00005000 08:05 2901240                    /usr/lib/x86_64-linux-gnu/libXdmcp.so.6.0.0
7ff6e54e0000-7ff6e54e3000 r-xp 00000000 08:05 2901229                    /usr/lib/x86_64-linux-gnu/libXau.so.6.0.0
7ff6e54e3000-7ff6e56e2000 ---p 00003000 08:05 2901229                    /usr/lib/x86_64-linux-gnu/libXau.so.6.0.0
7ff6e56e2000-7ff6e56e3000 r--p 00002000 08:05 2901229                    /usr/lib/x86_64-linux-gnu/libXau.so.6.0.0
7ff6e56e3000-7ff6e56e4000 rw-p 00003000 08:05 2901229                    /usr/lib/x86_64-linux-gnu/libXau.so.6.0.0
7ff6e56e4000-7ff6e5705000 r-xp 00000000 08:05 2902573                    /usr/lib/x86_64-linux-gnu/libxcb.so.1.1.0
7ff6e5705000-7ff6e5904000 ---p 00021000 08:05 2902573                    /usr/lib/x86_64-linux-gnu/libxcb.so.1.1.0
7ff6e5904000-7ff6e5905000 r--p 00020000 08:05 2902573                    /usr/lib/x86_64-linux-gnu/libxcb.so.1.1.0
7ff6e5905000-7ff6e5906000 rw-p 00021000 08:05 2902573                    /usr/lib/x86_64-linux-gnu/libxcb.so.1.1.0
7ff6e5906000-7ff6e5915000 r-xp 00000000 08:05 2901250                    /usr/lib/x86_64-linux-gnu/libXi.so.6.1.0
7ff6e5915000-7ff6e5b14000 ---p 0000f000 08:05 2901250                    /usr/lib/x86_64-linux-gnu/libXi.so.6.1.0
7ff6e5b14000-7ff6e5b15000 r--p 0000e000 08:05 2901250                    /usr/lib/x86_64-linux-gnu/libXi.so.6.1.0
7ff6e5b15000-7ff6e5b16000 rw-p 0000f000 08:05 2901250                    /usr/lib/x86_64-linux-gnu/libXi.so.6.1.0
7ff6e5b16000-7ff6e5b1b000 r-xp 00000000 08:05 2901268                    /usr/lib/x86_64-linux-gnu/libXtst.so.6.1.0
7ff6e5b1b000-7ff6e5d1a000 ---p 00005000 08:05 2901268                    /usr/lib/x86_64-linux-gnu/libXtst.so.6.1.0
7ff6e5d1a000-7ff6e5d1b000 r--p 00004000 08:05 2901268                    /usr/lib/x86_64-linux-gnu/libXtst.so.6.1.0
7ff6e5d1b000-7ff6e5d1c000 rw-p 00005000 08:05 2901268                    /usr/lib/x86_64-linux-gnu/libXtst.so.6.1.0
7ff6e5d1c000-7ff6e5d25000 r-xp 00000000 08:05 2901262                    /usr/lib/x86_64-linux-gnu/libXrender.so.1.3.0
7ff6e5d25000-7ff6e5f24000 ---p 00009000 08:05 2901262                    /usr/lib/x86_64-linux-gnu/libXrender.so.1.3.0
7ff6e5f24000-7ff6e5f25000 r--p 00008000 08:05 2901262                    /usr/lib/x86_64-linux-gnu/libXrender.so.1.3.0
7ff6e5f25000-7ff6e5f26000 rw-p 00009000 08:05 2901262                    /usr/lib/x86_64-linux-gnu/libXrender.so.1.3.0
7ff6e5f26000-7ff6e6062000 r-xp 00000000 08:05 2901225                    /usr/lib/x86_64-linux-gnu/libX11.so.6.3.0
7ff6e6062000-7ff6e6261000 ---p 0013c000 08:05 2901225                    /usr/lib/x86_64-linux-gnu/libX11.so.6.3.0
7ff6e6261000-7ff6e6263000 r--p 0013b000 08:05 2901225                    /usr/lib/x86_64-linux-gnu/libX11.so.6.3.0
7ff6e6263000-7ff6e6268000 rw-p 0013d000 08:05 2901225                    /usr/lib/x86_64-linux-gnu/libX11.so.6.3.0
7ff6e6268000-7ff6e6269000 rw-p 00000000 00:00 0 
7ff6e6269000-7ff6e627a000 r-xp 00000000 08:05 2901242                    /usr/lib/x86_64-linux-gnu/libXext.so.6.4.0
7ff6e627a000-7ff6e6479000 ---p 00011000 08:05 2901242                    /usr/lib/x86_64-linux-gnu/libXext.so.6.4.0
7ff6e6479000-7ff6e647a000 r--p 00010000 08:05 2901242                    /usr/lib/x86_64-linux-gnu/libXext.so.6.4.0
7ff6e647a000-7ff6e647b000 rw-p 00011000 08:05 2901242                    /usr/lib/x86_64-linux-gnu/libXext.so.6.4.0
7ff6e647b000-7ff6e647e000 r--s 00013000 08:05 4992603                    /home/hadong/.m2/repository/cn/dreampie/resty-route/1.3.0-SNAPSHOT/resty-route-1.3.0-SNAPSHOT.jar
7ff6e647e000-7ff6e6480000 r--s 0000e000 08:05 4994593                    /home/hadong/.m2/repository/commons-logging/commons-logging/1.2/commons-logging-1.2.jar
7ff6e6480000-7ff6e6482000 r--s 00001000 08:05 5386618                    /home/hadong/.m2/repository/org/slf4j/slf4j-log4j12/1.7.7/slf4j-log4j12-1.7.7.jar
7ff6e6482000-7ff6e6484000 r--s 00006000 08:05 4993095                    /home/hadong/.m2/repository/org/slf4j/slf4j-api/1.7.7/slf4j-api-1.7.7.jar
7ff6e6484000-7ff6e6487000 r--s 00007000 08:05 5386616                    /home/hadong/.m2/repository/com/fasterxml/jackson/core/jackson-annotations/2.4.0/jackson-annotations-2.4.0.jar
7ff6e6487000-7ff6e648b000 r--s 00034000 08:05 5386612                    /home/hadong/.m2/repository/com/fasterxml/jackson/core/jackson-core/2.4.3/jackson-core-2.4.3.jar
7ff6e648b000-7ff6e6492000 r--s 00060000 08:05 5386610                    /home/hadong/.m2/repository/com/alibaba/fastjson/1.2.6/fastjson-1.2.6.jar
7ff6e6492000-7ff6e6499000 r--s 00040000 08:05 5386608                    /home/hadong/.m2/repository/com/jfinal/jfinal-weixin/1.8/jfinal-weixin-1.8.jar
7ff6e6499000-7ff6e64e9000 r-xp 00000000 08:05 3032437                    /usr/lib/jvm/jdk1.7.0_79/jre/lib/amd64/xawt/libmawt.so
7ff6e64e9000-7ff6e66e9000 ---p 00050000 08:05 3032437                    /usr/lib/jvm/jdk1.7.0_79/jre/lib/amd64/xawt/libmawt.so
7ff6e66e9000-7ff6e66ed000 rw-p 00050000 08:05 3032437                    /usr/lib/jvm/jdk1.7.0_79/jre/lib/amd64/xawt/libmawt.so
7ff6e66ed000-7ff6e66ee000 rw-p 00000000 00:00 0 
7ff6e66ee000-7ff6e6790000 r-xp 00000000 08:05 3032457                    /usr/lib/jvm/jdk1.7.0_79/jre/lib/amd64/libawt.so
7ff6e6790000-7ff6e6990000 ---p 000a2000 08:05 3032457                    /usr/lib/jvm/jdk1.7.0_79/jre/lib/amd64/libawt.so
7ff6e6990000-7ff6e699c000 rw-p 000a2000 08:05 3032457                    /usr/lib/jvm/jdk1.7.0_79/jre/lib/amd64/libawt.so
7ff6e699c000-7ff6e69c0000 rw-p 00000000 00:00 0 
7ff6e69c0000-7ff6e69c8000 r-xp 00000000 08:05 3032432                    /usr/lib/jvm/jdk1.7.0_79/jre/lib/amd64/libmanagement.so
7ff6e69c8000-7ff6e6bc7000 ---p 00008000 08:05 3032432                    /usr/lib/jvm/jdk1.7.0_79/jre/lib/amd64/libmanagement.so
7ff6e6bc7000-7ff6e6bc8000 rw-p 00007000 08:05 3032432                    /usr/lib/jvm/jdk1.7.0_79/jre/lib/amd64/libmanagement.so
7ff6e6bc8000-7ff6e6ec9000 rw-p 00000000 00:00 0 
7ff6e6ec9000-7ff6e6edf000 r-xp 00000000 08:05 3032458                    /usr/lib/jvm/jdk1.7.0_79/jre/lib/amd64/libnet.so
7ff6e6edf000-7ff6e70df000 ---p 00016000 08:05 3032458                    /usr/lib/jvm/jdk1.7.0_79/jre/lib/amd64/libnet.so
7ff6e70df000-7ff6e70e0000 rw-p 00016000 08:05 3032458                    /usr/lib/jvm/jdk1.7.0_79/jre/lib/amd64/libnet.so
7ff6e70e0000-7ff6e70f0000 r-xp 00000000 08:05 3032424                    /usr/lib/jvm/jdk1.7.0_79/jre/lib/amd64/libnio.so
7ff6e70f0000-7ff6e72f0000 ---p 00010000 08:05 3032424                    /usr/lib/jvm/jdk1.7.0_79/jre/lib/amd64/libnio.so
7ff6e72f0000-7ff6e72f1000 rw-p 00010000 08:05 3032424                    /usr/lib/jvm/jdk1.7.0_79/jre/lib/amd64/libnio.so
7ff6e72f1000-7ff6e72f2000 ---p 00000000 00:00 0 
7ff6e72f2000-7ff6e73f2000 rw-p 00000000 00:00 0 
7ff6e73f2000-7ff6e73f5000 ---p 00000000 00:00 0 
7ff6e73f5000-7ff6e74f3000 rw-p 00000000 00:00 0 
7ff6e74f3000-7ff6e74f6000 ---p 00000000 00:00 0 
7ff6e74f6000-7ff6e75f4000 rw-p 00000000 00:00 0 
7ff6e75f4000-7ff6e75f7000 ---p 00000000 00:00 0 
7ff6e75f7000-7ff6e76f5000 rw-p 00000000 00:00 0 
7ff6e76f5000-7ff6e76f8000 ---p 00000000 00:00 0 
7ff6e76f8000-7ff6e77f6000 rw-p 00000000 00:00 0 
7ff6e77f6000-7ff6e77f9000 ---p 00000000 00:00 0 
7ff6e77f9000-7ff6e78f7000 rw-p 00000000 00:00 0 
7ff6e78f7000-7ff6e78fa000 ---p 00000000 00:00 0 
7ff6e78fa000-7ff6e79f8000 rw-p 00000000 00:00 0 
7ff6e79f8000-7ff6e79fc000 r-xp 00000000 08:05 3032466                    /usr/lib/jvm/jdk1.7.0_79/jre/lib/amd64/libdt_socket.so
7ff6e79fc000-7ff6e7bfb000 ---p 00004000 08:05 3032466                    /usr/lib/jvm/jdk1.7.0_79/jre/lib/amd64/libdt_socket.so
7ff6e7bfb000-7ff6e7bfc000 rw-p 00003000 08:05 3032466                    /usr/lib/jvm/jdk1.7.0_79/jre/lib/amd64/libdt_socket.so
7ff6e7bfc000-7ff6e7bff000 ---p 00000000 00:00 0 
7ff6e7bff000-7ff6e7cfd000 rw-p 00000000 00:00 0 
7ff6e7cfd000-7ff6e7d00000 ---p 00000000 00:00 0 
7ff6e7d00000-7ff6e7dfe000 rw-p 00000000 00:00 0 
7ff6e7dfe000-7ff6e7e01000 ---p 00000000 00:00 0 
7ff6e7e01000-7ff6e7eff000 rw-p 00000000 00:00 0 
7ff6e7eff000-7ff6e7f00000 ---p 00000000 00:00 0 
7ff6e7f00000-7ff6e8000000 rw-p 00000000 00:00 0 
7ff6e8000000-7ff6e8021000 rw-p 00000000 00:00 0 
7ff6e8021000-7ff6ec000000 ---p 00000000 00:00 0 
7ff6ec000000-7ff6ec021000 rw-p 00000000 00:00 0 
7ff6ec021000-7ff6f0000000 ---p 00000000 00:00 0 
7ff6f0000000-7ff6f0028000 rw-p 00000000 00:00 0 
7ff6f0028000-7ff6f4000000 ---p 00000000 00:00 0 
7ff6f4000000-7ff6f4001000 r--s 00001000 08:05 4992602                    /home/hadong/.m2/repository/cn/dreampie/resty-log/1.3.0-SNAPSHOT/resty-log-1.3.0-SNAPSHOT.jar
7ff6f4001000-7ff6f4007000 r--s 0004b000 08:05 4739626                    /home/hadong/.m2/repository/cglib/cglib-nodep/3.1/cglib-nodep-3.1.jar
7ff6f4007000-7ff6f400d000 r--s 00052000 08:05 5256160                    /home/hadong/.m2/repository/com/jfinal/jfinal/2.2/jfinal-2.2.jar
7ff6f400d000-7ff6f4014000 r--s 00000000 08:05 3159672                    /usr/lib/x86_64-linux-gnu/gconv/gconv-modules.cache
7ff6f4014000-7ff6f401f000 r--s 0037c000 08:05 3032523                    /usr/lib/jvm/jdk1.7.0_79/jre/lib/charsets.jar
7ff6f401f000-7ff6f4029000 r--s 00253000 08:05 3032485                    /usr/lib/jvm/jdk1.7.0_79/jre/lib/resources.jar
7ff6f4029000-7ff6f402d000 r--s 000f7000 08:05 3033065                    /usr/lib/jvm/jdk1.7.0_79/jre/lib/ext/localedata.jar
7ff6f402d000-7ff6f402f000 r--s 00013000 08:05 4740552                    /home/hadong/.eclipse/org.eclipse.platform_4.6.0_2115558046_linux_gtk_x86_64/configuration/org.eclipse.osgi/467/0/.cp/lib/jetty/jetty-plus.jar
7ff6f402f000-7ff6f4034000 r--s 00032000 08:05 4740551                    /home/hadong/.eclipse/org.eclipse.platform_4.6.0_2115558046_linux_gtk_x86_64/configuration/org.eclipse.osgi/467/0/.cp/lib/jetty/org.objectweb.asm.jar
7ff6f4034000-7ff6f4036000 r--s 00005000 08:05 4740550                    /home/hadong/.eclipse/org.eclipse.platform_4.6.0_2115558046_linux_gtk_x86_64/configuration/org.eclipse.osgi/467/0/.cp/lib/jetty/javax.annotation.jar
7ff6f4036000-7ff6f4038000 r--s 00011000 08:05 4740549                    /home/hadong/.eclipse/org.eclipse.platform_4.6.0_2115558046_linux_gtk_x86_64/configuration/org.eclipse.osgi/467/0/.cp/lib/jetty/jetty-annotations.jar
7ff6f4038000-7ff6f4047000 r--s 0019c000 08:05 4740548                    /home/hadong/.eclipse/org.eclipse.platform_4.6.0_2115558046_linux_gtk_x86_64/configuration/org.eclipse.osgi/467/0/.cp/lib/jetty/org.eclipse.jdt.core.jar
7ff6f4047000-7ff6f404a000 r--s 0001d000 08:05 4740547                    /home/hadong/.eclipse/org.eclipse.platform_4.6.0_2115558046_linux_gtk_x86_64/configuration/org.eclipse.osgi/467/0/.cp/lib/jetty/com.sun.el.jar
7ff6f404a000-7ff6f404c000 r--s 0000b000 08:05 4740546                    /home/hadong/.eclipse/org.eclipse.platform_4.6.0_2115558046_linux_gtk_x86_64/configuration/org.eclipse.osgi/467/0/.cp/lib/jetty/javax.el.jar
7ff6f404c000-7ff6f4054000 r--s 00061000 08:05 4740545                    /home/hadong/.eclipse/org.eclipse.platform_4.6.0_2115558046_linux_gtk_x86_64/configuration/org.eclipse.osgi/467/0/.cp/lib/jetty/org.apache.taglibs.standard.glassfish.jar
7ff6f4054000-7ff6f4056000 r--s 0000b000 08:05 4740544                    /home/hadong/.eclipse/org.eclipse.platform_4.6.0_2115558046_linux_gtk_x86_64/configuration/org.eclipse.osgi/467/0/.cp/lib/jetty/javax.servlet.jsp.jstl.jar
7ff6f4056000-7ff6f405d000 r--s 0008a000 08:05 4740543                    /home/hadong/.eclipse/org.eclipse.platform_4.6.0_2115558046_linux_gtk_x86_64/configuration/org.eclipse.osgi/467/0/.cp/lib/jetty/org.apache.jasper.glassfish.jar
7ff6f405d000-7ff6f405f000 r--s 00018000 08:05 4740542                    /home/hadong/.eclipse/org.eclipse.platform_4.6.0_2115558046_linux_gtk_x86_64/configuration/org.eclipse.osgi/467/0/.cp/lib/jetty/javax.servlet.jsp.jar
7ff6f405f000-7ff6f4061000 r--s 00019000 08:05 4740539                    /home/hadong/.eclipse/org.eclipse.platform_4.6.0_2115558046_linux_gtk_x86_64/configuration/org.eclipse.osgi/467/0/.cp/lib/jetty/jetty-webapp.jar
7ff6f4061000-7ff6f4063000 r--s 00017000 08:05 4740538                    /home/hadong/.eclipse/org.eclipse.platform_4.6.0_2115558046_linux_gtk_x86_64/configuration/org.eclipse.osgi/467/0/.cp/lib/jetty/jetty-servlet.jar
7ff6f4063000-7ff6f5062000 rw-p 00000000 00:00 0 
7ff6f5062000-7ff6f5222000 r--s 039f7000 08:05 3032522                    /usr/lib/jvm/jdk1.7.0_79/jre/lib/rt.jar
7ff6f5222000-7ff6f75e1000 rw-p 00000000 00:00 0 
7ff6f75e1000-7ff6f75e2000 ---p 00000000 00:00 0 
7ff6f75e2000-7ff6f76e2000 rw-p 00000000 00:00 0 
7ff6f76e2000-7ff6f76e3000 ---p 00000000 00:00 0 
7ff6f76e3000-7ff6f77e3000 rw-p 00000000 00:00 0 
7ff6f77e3000-7ff6f77e4000 ---p 00000000 00:00 0 
7ff6f77e4000-7ff6f78e4000 rw-p 00000000 00:00 0 
7ff6f78e4000-7ff6f78e5000 ---p 00000000 00:00 0 
7ff6f78e5000-7ff6f7a00000 rw-p 00000000 00:00 0 
7ff6f7a00000-7ff6f7a0e000 rw-p 00000000 00:00 0 
7ff6f7a0e000-7ff6f7a22000 rw-p 00000000 00:00 0 
7ff6f7a22000-7ff6f7b51000 rw-p 00000000 00:00 0 
7ff6f7b51000-7ff6f7b8b000 rw-p 00000000 00:00 0 
7ff6f7b8b000-7ff6f7b9a000 ---p 00000000 00:00 0 
7ff6f7b9a000-7ff6f7bf3000 rw-p 00000000 00:00 0 
7ff6f7bf3000-7ff6f7bf4000 rw-p 00000000 00:00 0 
7ff6f7bf4000-7ff6f7e64000 rwxp 00000000 00:00 0 
7ff6f7e64000-7ff6fabf4000 rw-p 00000000 00:00 0 
7ff6fabf4000-7ff6fac0e000 r-xp 00000000 08:05 3032453                    /usr/lib/jvm/jdk1.7.0_79/jre/lib/amd64/libzip.so
7ff6fac0e000-7ff6fae0e000 ---p 0001a000 08:05 3032453                    /usr/lib/jvm/jdk1.7.0_79/jre/lib/amd64/libzip.so
7ff6fae0e000-7ff6fae0f000 rw-p 0001a000 08:05 3032453                    /usr/lib/jvm/jdk1.7.0_79/jre/lib/amd64/libzip.so
7ff6fae0f000-7ff6fae1a000 r-xp 00000000 08:05 3940646                    /lib/x86_64-linux-gnu/libnss_files-2.23.so
7ff6fae1a000-7ff6fb019000 ---p 0000b000 08:05 3940646                    /lib/x86_64-linux-gnu/libnss_files-2.23.so
7ff6fb019000-7ff6fb01a000 r--p 0000a000 08:05 3940646                    /lib/x86_64-linux-gnu/libnss_files-2.23.so
7ff6fb01a000-7ff6fb01b000 rw-p 0000b000 08:05 3940646                    /lib/x86_64-linux-gnu/libnss_files-2.23.so
7ff6fb01b000-7ff6fb021000 rw-p 00000000 00:00 0 
7ff6fb021000-7ff6fb02c000 r-xp 00000000 08:05 3940659                    /lib/x86_64-linux-gnu/libnss_nis-2.23.so
7ff6fb02c000-7ff6fb22b000 ---p 0000b000 08:05 3940659                    /lib/x86_64-linux-gnu/libnss_nis-2.23.so
7ff6fb22b000-7ff6fb22c000 r--p 0000a000 08:05 3940659                    /lib/x86_64-linux-gnu/libnss_nis-2.23.so
7ff6fb22c000-7ff6fb22d000 rw-p 0000b000 08:05 3940659                    /lib/x86_64-linux-gnu/libnss_nis-2.23.so
7ff6fb22d000-7ff6fb242000 r-xp 00000000 08:05 3940639                    /lib/x86_64-linux-gnu/libnsl-2.23.so
7ff6fb242000-7ff6fb441000 ---p 00015000 08:05 3940639                    /lib/x86_64-linux-gnu/libnsl-2.23.so
7ff6fb441000-7ff6fb442000 r--p 00014000 08:05 3940639                    /lib/x86_64-linux-gnu/libnsl-2.23.so
7ff6fb442000-7ff6fb443000 rw-p 00015000 08:05 3940639                    /lib/x86_64-linux-gnu/libnsl-2.23.so
7ff6fb443000-7ff6fb445000 rw-p 00000000 00:00 0 
7ff6fb445000-7ff6fb44c000 r-xp 00000000 08:05 3940642                    /lib/x86_64-linux-gnu/libnss_compat-2.23.so
7ff6fb44c000-7ff6fb64b000 ---p 00007000 08:05 3940642                    /lib/x86_64-linux-gnu/libnss_compat-2.23.so
7ff6fb64b000-7ff6fb64c000 r--p 00006000 08:05 3940642                    /lib/x86_64-linux-gnu/libnss_compat-2.23.so
7ff6fb64c000-7ff6fb64d000 rw-p 00007000 08:05 3940642                    /lib/x86_64-linux-gnu/libnss_compat-2.23.so
7ff6fb64d000-7ff6fb997000 r--p 00000000 08:05 2892676                    /usr/lib/locale/locale-archive
7ff6fb997000-7ff6fb999000 r-xp 00000000 08:05 3032467                    /usr/lib/jvm/jdk1.7.0_79/jre/lib/amd64/libnpt.so
7ff6fb999000-7ff6fbb99000 ---p 00002000 08:05 3032467                    /usr/lib/jvm/jdk1.7.0_79/jre/lib/amd64/libnpt.so
7ff6fbb99000-7ff6fbb9a000 rw-p 00002000 08:05 3032467                    /usr/lib/jvm/jdk1.7.0_79/jre/lib/amd64/libnpt.so
7ff6fbb9a000-7ff6fbbd3000 r-xp 00000000 08:05 3032426                    /usr/lib/jvm/jdk1.7.0_79/jre/lib/amd64/libjdwp.so
7ff6fbbd3000-7ff6fbdd3000 ---p 00039000 08:05 3032426                    /usr/lib/jvm/jdk1.7.0_79/jre/lib/amd64/libjdwp.so
7ff6fbdd3000-7ff6fbdd4000 rw-p 00039000 08:05 3032426                    /usr/lib/jvm/jdk1.7.0_79/jre/lib/amd64/libjdwp.so
7ff6fbdd4000-7ff6fbdd5000 rw-p 00000000 00:00 0 
7ff6fbdd5000-7ff6fbdfe000 r-xp 00000000 08:05 3032419                    /usr/lib/jvm/jdk1.7.0_79/jre/lib/amd64/libjava.so
7ff6fbdfe000-7ff6fbffe000 ---p 00029000 08:05 3032419                    /usr/lib/jvm/jdk1.7.0_79/jre/lib/amd64/libjava.so
7ff6fbffe000-7ff6fc000000 rw-p 00029000 08:05 3032419                    /usr/lib/jvm/jdk1.7.0_79/jre/lib/amd64/libjava.so
7ff6fc000000-7ff6fcb85000 rw-p 00000000 00:00 0 
7ff6fcb85000-7ff700000000 ---p 00000000 00:00 0 
7ff700000000-7ff700001000 r--s 00000000 08:05 4740541                    /home/hadong/.eclipse/org.eclipse.platform_4.6.0_2115558046_linux_gtk_x86_64/configuration/org.eclipse.osgi/467/0/.cp/lib/jetty/jetty-jsp.jar
7ff700001000-7ff700004000 r--s 00019000 08:05 3032510                    /usr/lib/jvm/jdk1.7.0_79/jre/lib/jce.jar
7ff700004000-7ff700008000 r--s 0008b000 08:05 3032517                    /usr/lib/jvm/jdk1.7.0_79/jre/lib/jsse.jar
7ff700008000-7ff70000d000 r--s 00042000 08:05 4740536                    /home/hadong/.eclipse/org.eclipse.platform_4.6.0_2115558046_linux_gtk_x86_64/configuration/org.eclipse.osgi/467/0/.cp/lib/jetty/jetty-util.jar
7ff70000d000-7ff700050000 rw-p 00000000 00:00 0 
7ff700050000-7ff70005e000 rw-p 00000000 00:00 0 
7ff70005e000-7ff700072000 rw-p 00000000 00:00 0 
7ff700072000-7ff7001a2000 rw-p 00000000 00:00 0 
7ff7001a2000-7ff7001af000 r-xp 00000000 08:05 3032446                    /usr/lib/jvm/jdk1.7.0_79/jre/lib/amd64/libverify.so
7ff7001af000-7ff7003ae000 ---p 0000d000 08:05 3032446                    /usr/lib/jvm/jdk1.7.0_79/jre/lib/amd64/libverify.so
7ff7003ae000-7ff7003b0000 rw-p 0000c000 08:05 3032446                    /usr/lib/jvm/jdk1.7.0_79/jre/lib/amd64/libverify.so
7ff7003b0000-7ff7003b7000 r-xp 00000000 08:05 3940666                    /lib/x86_64-linux-gnu/librt-2.23.so
7ff7003b7000-7ff7005b6000 ---p 00007000 08:05 3940666                    /lib/x86_64-linux-gnu/librt-2.23.so
7ff7005b6000-7ff7005b7000 r--p 00006000 08:05 3940666                    /lib/x86_64-linux-gnu/librt-2.23.so
7ff7005b7000-7ff7005b8000 rw-p 00007000 08:05 3940666                    /lib/x86_64-linux-gnu/librt-2.23.so
7ff7005b8000-7ff7006bc000 r-xp 00000000 08:05 3940636                    /lib/x86_64-linux-gnu/libm-2.23.so
7ff7006bc000-7ff7008bb000 ---p 00104000 08:05 3940636                    /lib/x86_64-linux-gnu/libm-2.23.so
7ff7008bb000-7ff7008bc000 r--p 00103000 08:05 3940636                    /lib/x86_64-linux-gnu/libm-2.23.so
7ff7008bc000-7ff7008bd000 rw-p 00104000 08:05 3940636                    /lib/x86_64-linux-gnu/libm-2.23.so
7ff7008bd000-7ff701432000 r-xp 00000000 08:05 3032476                    /usr/lib/jvm/jdk1.7.0_79/jre/lib/amd64/server/libjvm.so
7ff701432000-7ff701632000 ---p 00b75000 08:05 3032476                    /usr/lib/jvm/jdk1.7.0_79/jre/lib/amd64/server/libjvm.so
7ff701632000-7ff7016f6000 rw-p 00b75000 08:05 3032476                    /usr/lib/jvm/jdk1.7.0_79/jre/lib/amd64/server/libjvm.so
7ff7016f6000-7ff701737000 rw-p 00000000 00:00 0 
7ff701737000-7ff7018ce000 r-xp 00000000 08:05 3940630                    /lib/x86_64-linux-gnu/libc-2.23.so
7ff7018ce000-7ff701ace000 ---p 00197000 08:05 3940630                    /lib/x86_64-linux-gnu/libc-2.23.so
7ff701ace000-7ff701ad2000 r--p 00197000 08:05 3940630                    /lib/x86_64-linux-gnu/libc-2.23.so
7ff701ad2000-7ff701ad4000 rw-p 0019b000 08:05 3940630                    /lib/x86_64-linux-gnu/libc-2.23.so
7ff701ad4000-7ff701ad8000 rw-p 00000000 00:00 0 
7ff701ad8000-7ff701ada000 r-xp 00000000 08:05 3940633                    /lib/x86_64-linux-gnu/libdl-2.23.so
7ff701ada000-7ff701cda000 ---p 00002000 08:05 3940633                    /lib/x86_64-linux-gnu/libdl-2.23.so
7ff701cda000-7ff701cdb000 r--p 00002000 08:05 3940633                    /lib/x86_64-linux-gnu/libdl-2.23.so
7ff701cdb000-7ff701cdc000 rw-p 00003000 08:05 3940633                    /lib/x86_64-linux-gnu/libdl-2.23.so
7ff701cdc000-7ff701cf2000 r-xp 00000000 08:05 3158470                    /usr/lib/jvm/jdk1.7.0_79/lib/amd64/jli/libjli.so
7ff701cf2000-7ff701ef2000 ---p 00016000 08:05 3158470                    /usr/lib/jvm/jdk1.7.0_79/lib/amd64/jli/libjli.so
7ff701ef2000-7ff701ef3000 rw-p 00016000 08:05 3158470                    /usr/lib/jvm/jdk1.7.0_79/lib/amd64/jli/libjli.so
7ff701ef3000-7ff701f0b000 r-xp 00000000 08:05 3940664                    /lib/x86_64-linux-gnu/libpthread-2.23.so
7ff701f0b000-7ff70210a000 ---p 00018000 08:05 3940664                    /lib/x86_64-linux-gnu/libpthread-2.23.so
7ff70210a000-7ff70210b000 r--p 00017000 08:05 3940664                    /lib/x86_64-linux-gnu/libpthread-2.23.so
7ff70210b000-7ff70210c000 rw-p 00018000 08:05 3940664                    /lib/x86_64-linux-gnu/libpthread-2.23.so
7ff70210c000-7ff702110000 rw-p 00000000 00:00 0 
7ff702110000-7ff702134000 r-xp 00000000 08:05 3939861                    /lib/x86_64-linux-gnu/ld-2.23.so
7ff702134000-7ff702136000 r--s 00014000 08:05 4740537                    /home/hadong/.eclipse/org.eclipse.platform_4.6.0_2115558046_linux_gtk_x86_64/configuration/org.eclipse.osgi/467/0/.cp/lib/jetty/jetty-security.jar
7ff702136000-7ff702139000 r--s 00017000 08:05 4740535                    /home/hadong/.eclipse/org.eclipse.platform_4.6.0_2115558046_linux_gtk_x86_64/configuration/org.eclipse.osgi/467/0/.cp/lib/jetty/jetty-io.jar
7ff702139000-7ff702158000 rw-p 00000000 00:00 0 
7ff702158000-7ff70220e000 rw-p 00000000 00:00 0 
7ff70220e000-7ff702211000 ---p 00000000 00:00 0 
7ff702211000-7ff702313000 rw-p 00000000 00:00 0 
7ff702313000-7ff702314000 r--s 00009000 08:05 4740540                    /home/hadong/.eclipse/org.eclipse.platform_4.6.0_2115558046_linux_gtk_x86_64/configuration/org.eclipse.osgi/467/0/.cp/lib/jetty/jetty-xml.jar
7ff702314000-7ff702316000 r--s 00016000 08:05 4740534                    /home/hadong/.eclipse/org.eclipse.platform_4.6.0_2115558046_linux_gtk_x86_64/configuration/org.eclipse.osgi/467/0/.cp/lib/jetty/jetty-http.jar
7ff702316000-7ff702318000 r--s 00004000 08:05 4740533                    /home/hadong/.eclipse/org.eclipse.platform_4.6.0_2115558046_linux_gtk_x86_64/configuration/org.eclipse.osgi/467/0/.cp/lib/jetty/jetty-continuation.jar
7ff702318000-7ff70231e000 r--s 00052000 08:05 4740527                    /home/hadong/.eclipse/org.eclipse.platform_4.6.0_2115558046_linux_gtk_x86_64/configuration/org.eclipse.osgi/467/0/.cp/lib/jetty/jetty-server.jar
7ff70231e000-7ff702321000 r--s 0002e000 08:05 4740532                    /home/hadong/.eclipse/org.eclipse.platform_4.6.0_2115558046_linux_gtk_x86_64/configuration/org.eclipse.osgi/467/0/.cp/lib/jetty/javax.servlet.jar
7ff702321000-7ff702323000 r--s 00002000 08:05 4740531                    /home/hadong/.eclipse/org.eclipse.platform_4.6.0_2115558046_linux_gtk_x86_64/configuration/org.eclipse.osgi/467/0/.cp/lib/eclipse-jetty-starters-embedded.jar
7ff702323000-7ff702325000 r--s 0000a000 08:05 4740530                    /home/hadong/.eclipse/org.eclipse.platform_4.6.0_2115558046_linux_gtk_x86_64/configuration/org.eclipse.osgi/467/0/.cp/lib/eclipse-jetty-starters-console.jar
7ff702325000-7ff702326000 r--s 00002000 08:05 4740529                    /home/hadong/.eclipse/org.eclipse.platform_4.6.0_2115558046_linux_gtk_x86_64/configuration/org.eclipse.osgi/467/0/.cp/lib/eclipse-jetty-starters-util.jar
7ff702326000-7ff702327000 r--s 00003000 08:05 4740528                    /home/hadong/.eclipse/org.eclipse.platform_4.6.0_2115558046_linux_gtk_x86_64/configuration/org.eclipse.osgi/467/0/.cp/lib/eclipse-jetty-starters-common.jar
7ff702327000-7ff70232f000 rw-s 00000000 08:05 5256504                    /tmp/hsperfdata_hadong/13924
7ff70232f000-7ff702330000 rw-p 00000000 00:00 0 
7ff702330000-7ff702331000 ---p 00000000 00:00 0 
7ff702331000-7ff702333000 rw-p 00000000 00:00 0 
7ff702333000-7ff702334000 r--p 00023000 08:05 3939861                    /lib/x86_64-linux-gnu/ld-2.23.so
7ff702334000-7ff702335000 rw-p 00024000 08:05 3939861                    /lib/x86_64-linux-gnu/ld-2.23.so
7ff702335000-7ff702336000 rw-p 00000000 00:00 0 
7ffcbeab6000-7ffcbead8000 rw-p 00000000 00:00 0                          [stack]
7ffcbeba6000-7ffcbeba8000 r--p 00000000 00:00 0                          [vvar]
7ffcbeba8000-7ffcbebaa000 r-xp 00000000 00:00 0                          [vdso]
ffffffffff600000-ffffffffff601000 r-xp 00000000 00:00 0                  [vsyscall]

VM Arguments:
jvm_args: -agentlib:jdwp=transport=dt_socket,suspend=y,address=localhost:41110 -Djetty.launcher.configuration=/tmp/eclipseJettyPlugin.config.jfinal_demo.xml -Dfile.encoding=UTF-8 -Dawt.useSystemAAFontSettings=gasp 
java_command: net.sourceforge.eclipsejetty.starter.embedded.JettyEmbeddedLauncherMain
Launcher Type: SUN_STANDARD

Environment Variables:
JAVA_HOME=/usr/lib/jvm/java-8-openjdk-amd64
_JAVA_OPTIONS=  -Dawt.useSystemAAFontSettings=gasp
CLASSPATH=.:/usr/lib/jvm/java-8-openjdk-amd64/lib/dt.jar:/usr/lib/jvm/java-8-openjdk-amd64/lib/tools.jar
PATH=/usr/lib/jvm/java-8-openjdk-amd64/bin:/usr/local/bin:/usr/bin:/bin:/usr/local/games:/usr/games:/opt/maven/bin
SHELL=/bin/bash
DISPLAY=:0

Signal Handlers:
SIGSEGV: [libjvm.so+0x9a3bf0], sa_mask[0]=0x7ffbfeff, sa_flags=0x10000004
SIGBUS: [libjvm.so+0x9a3bf0], sa_mask[0]=0x7ffbfeff, sa_flags=0x10000004
SIGFPE: [libjvm.so+0x81cb60], sa_mask[0]=0x7ffbfeff, sa_flags=0x10000004
SIGPIPE: SIG_IGN, sa_mask[0]=0x00001000, sa_flags=0x10000000
SIGXFSZ: [libjvm.so+0x81cb60], sa_mask[0]=0x7ffbfeff, sa_flags=0x10000004
SIGILL: [libjvm.so+0x81cb60], sa_mask[0]=0x7ffbfeff, sa_flags=0x10000004
SIGUSR1: SIG_DFL, sa_mask[0]=0x00000000, sa_flags=0x00000000
SIGUSR2: [libjvm.so+0x81e360], sa_mask[0]=0x00000004, sa_flags=0x10000004
SIGHUP: [libjvm.so+0x81f480], sa_mask[0]=0x7ffbfeff, sa_flags=0x10000004
SIGINT: [libjvm.so+0x81f480], sa_mask[0]=0x7ffbfeff, sa_flags=0x10000004
SIGTERM: [libjvm.so+0x81f480], sa_mask[0]=0x7ffbfeff, sa_flags=0x10000004
SIGQUIT: [libjvm.so+0x81f480], sa_mask[0]=0x7ffbfeff, sa_flags=0x10000004


---------------  S Y S T E M  ---------------

OS:8.0

uname:Linux 4.4.0-3-deepin-amd64 #1 SMP Deepin 4.4.30-1 (2016-11-01) x86_64
libc:glibc 2.23 NPTL 2.23 
rlimit: STACK 8192k, CORE 0k, NPROC 15325, NOFILE 65536, AS infinity
load average:0.76 0.81 0.90

/proc/meminfo:
MemTotal:        3965124 kB
MemFree:          118748 kB
MemAvailable:     256768 kB
Buffers:            7240 kB
Cached:           621500 kB
SwapCached:            0 kB
Active:          3195796 kB
Inactive:         444316 kB
Active(anon):    3059000 kB
Inactive(anon):   290432 kB
Active(file):     136796 kB
Inactive(file):   153884 kB
Unevictable:          88 kB
Mlocked:              88 kB
SwapTotal:             0 kB
SwapFree:              0 kB
Dirty:               480 kB
Writeback:             0 kB
AnonPages:       3011848 kB
Mapped:           341980 kB
Shmem:            337800 kB
Slab:              74368 kB
SReclaimable:      32564 kB
SUnreclaim:        41804 kB
KernelStack:       12960 kB
PageTables:        48812 kB
NFS_Unstable:          0 kB
Bounce:                0 kB
WritebackTmp:          0 kB
CommitLimit:     1982560 kB
Committed_AS:    8362360 kB
VmallocTotal:   34359738367 kB
VmallocUsed:           0 kB
VmallocChunk:          0 kB
HardwareCorrupted:     0 kB
AnonHugePages:         0 kB
HugePages_Total:       0
HugePages_Free:        0
HugePages_Rsvd:        0
HugePages_Surp:        0
Hugepagesize:       2048 kB
DirectMap4k:      174848 kB
DirectMap2M:     3934208 kB
DirectMap1G:     1048576 kB


CPU:total 4 (2 cores per cpu, 2 threads per core) family 6 model 60 stepping 3, cmov, cx8, fxsr, mmx, sse, sse2, sse3, ssse3, sse4.1, sse4.2, popcnt, avx, avx2, aes, erms, ht, tsc, tscinvbit

/proc/cpuinfo:
processor	: 0
vendor_id	: GenuineIntel
cpu family	: 6
model		: 60
model name	: Intel(R) Core(TM) i5-4210M CPU @ 2.60GHz
stepping	: 3
microcode	: 0x20
cpu MHz		: 2601.000
cache size	: 3072 KB
physical id	: 0
siblings	: 4
core id		: 0
cpu cores	: 2
apicid		: 0
initial apicid	: 0
fpu		: yes
fpu_exception	: yes
cpuid level	: 13
wp		: yes
flags		: fpu vme de pse tsc msr pae mce cx8 apic sep mtrr pge mca cmov pat pse36 clflush dts acpi mmx fxsr sse sse2 ss ht tm pbe syscall nx pdpe1gb rdtscp lm constant_tsc arch_perfmon pebs bts rep_good nopl xtopology nonstop_tsc aperfmperf eagerfpu pni pclmulqdq dtes64 monitor ds_cpl vmx est tm2 ssse3 sdbg fma cx16 xtpr pdcm pcid sse4_1 sse4_2 movbe popcnt tsc_deadline_timer aes xsave avx f16c rdrand lahf_lm abm ida arat epb pln pts dtherm tpr_shadow vnmi flexpriority ept vpid fsgsbase tsc_adjust bmi1 avx2 smep bmi2 erms invpcid xsaveopt
bugs		:
bogomips	: 5188.44
clflush size	: 64
cache_alignment	: 64
address sizes	: 39 bits physical, 48 bits virtual
power management:

processor	: 1
vendor_id	: GenuineIntel
cpu family	: 6
model		: 60
model name	: Intel(R) Core(TM) i5-4210M CPU @ 2.60GHz
stepping	: 3
microcode	: 0x20
cpu MHz		: 800.000
cache size	: 3072 KB
physical id	: 0
siblings	: 4
core id		: 0
cpu cores	: 2
apicid		: 1
initial apicid	: 1
fpu		: yes
fpu_exception	: yes
cpuid level	: 13
wp		: yes
flags		: fpu vme de pse tsc msr pae mce cx8 apic sep mtrr pge mca cmov pat pse36 clflush dts acpi mmx fxsr sse sse2 ss ht tm pbe syscall nx pdpe1gb rdtscp lm constant_tsc arch_perfmon pebs bts rep_good nopl xtopology nonstop_tsc aperfmperf eagerfpu pni pclmulqdq dtes64 monitor ds_cpl vmx est tm2 ssse3 sdbg fma cx16 xtpr pdcm pcid sse4_1 sse4_2 movbe popcnt tsc_deadline_timer aes xsave avx f16c rdrand lahf_lm abm ida arat epb pln pts dtherm tpr_shadow vnmi flexpriority ept vpid fsgsbase tsc_adjust bmi1 avx2 smep bmi2 erms invpcid xsaveopt
bugs		:
bogomips	: 5188.44
clflush size	: 64
cache_alignment	: 64
address sizes	: 39 bits physical, 48 bits virtual
power management:

processor	: 2
vendor_id	: GenuineIntel
cpu family	: 6
model		: 60
model name	: Intel(R) Core(TM) i5-4210M CPU @ 2.60GHz
stepping	: 3
microcode	: 0x20
cpu MHz		: 800.000
cache size	: 3072 KB
physical id	: 0
siblings	: 4
core id		: 1
cpu cores	: 2
apicid		: 2
initial apicid	: 2
fpu		: yes
fpu_exception	: yes
cpuid level	: 13
wp		: yes
flags		: fpu vme de pse tsc msr pae mce cx8 apic sep mtrr pge mca cmov pat pse36 clflush dts acpi mmx fxsr sse sse2 ss ht tm pbe syscall nx pdpe1gb rdtscp lm constant_tsc arch_perfmon pebs bts rep_good nopl xtopology nonstop_tsc aperfmperf eagerfpu pni pclmulqdq dtes64 monitor ds_cpl vmx est tm2 ssse3 sdbg fma cx16 xtpr pdcm pcid sse4_1 sse4_2 movbe popcnt tsc_deadline_timer aes xsave avx f16c rdrand lahf_lm abm ida arat epb pln pts dtherm tpr_shadow vnmi flexpriority ept vpid fsgsbase tsc_adjust bmi1 avx2 smep bmi2 erms invpcid xsaveopt
bugs		:
bogomips	: 5188.44
clflush size	: 64
cache_alignment	: 64
address sizes	: 39 bits physical, 48 bits virtual
power management:

processor	: 3
vendor_id	: GenuineIntel
cpu family	: 6
model		: 60
model name	: Intel(R) Core(TM) i5-4210M CPU @ 2.60GHz
stepping	: 3
microcode	: 0x20
cpu MHz		: 2601.000
cache size	: 3072 KB
physical id	: 0
siblings	: 4
core id		: 1
cpu cores	: 2
apicid		: 3
initial apicid	: 3
fpu		: yes
fpu_exception	: yes
cpuid level	: 13
wp		: yes
flags		: fpu vme de pse tsc msr pae mce cx8 apic sep mtrr pge mca cmov pat pse36 clflush dts acpi mmx fxsr sse sse2 ss ht tm pbe syscall nx pdpe1gb rdtscp lm constant_tsc arch_perfmon pebs bts rep_good nopl xtopology nonstop_tsc aperfmperf eagerfpu pni pclmulqdq dtes64 monitor ds_cpl vmx est tm2 ssse3 sdbg fma cx16 xtpr pdcm pcid sse4_1 sse4_2 movbe popcnt tsc_deadline_timer aes xsave avx f16c rdrand lahf_lm abm ida arat epb pln pts dtherm tpr_shadow vnmi flexpriority ept vpid fsgsbase tsc_adjust bmi1 avx2 smep bmi2 erms invpcid xsaveopt
bugs		:
bogomips	: 5188.44
clflush size	: 64
cache_alignment	: 64
address sizes	: 39 bits physical, 48 bits virtual
power management:



Memory: 4k page, physical 3965124k(118748k free), swap 0k(0k free)

vm_info: Java HotSpot(TM) 64-Bit Server VM (24.79-b02) for linux-amd64 JRE (1.7.0_79-b15), built on Apr 10 2015 11:34:48 by "java_re" with gcc 4.3.0 20080428 (Red Hat 4.3.0-8)

time: Sun Nov 20 01:51:06 2016
elapsed time: 1346 seconds

